Log file open, 11/16/21 09:39:52
LogWindows: Failed to load 'aqProf.dll' (GetLastError=126)
LogWindows: File 'aqProf.dll' does not exist
LogWindows: Failed to load 'VtuneApi.dll' (GetLastError=126)
LogWindows: File 'VtuneApi.dll' does not exist
LogWindows: Failed to load 'VtuneApi32e.dll' (GetLastError=126)
LogWindows: File 'VtuneApi32e.dll' does not exist
LogConsoleResponse: Display: Failed to find resolution value strings in scalability ini. Falling back to default.
LogConsoleResponse: Display: Failed to find resolution value strings in scalability ini. Falling back to default.
LogInit: Display: Running engine for game: ReadApp
LogPlatformFile: Not using cached read wrapper
LogTaskGraph: Started task graph with 5 named threads and 47 total threads with 3 sets of task threads.
LogStats: Stats thread started at 0.210911
LogICUInternationalization: ICU TimeZone Detection - Raw Offset: +1:00, Platform Override: ''
LogInit: Display: Loading text-based GConfig....
LogPluginManager: Mounting plugin MeshPainting
LogPluginManager: Mounting plugin XGEController
LogPluginManager: Mounting plugin Paper2D
LogPluginManager: Mounting plugin LiveLink
LogPluginManager: Mounting plugin AISupport
LogPluginManager: Mounting plugin EnvironmentQueryEditor
LogPluginManager: Mounting plugin GameplayCameras
LogPluginManager: Mounting plugin LightPropagationVolume
LogPluginManager: Mounting plugin CameraShakePreviewer
LogPluginManager: Mounting plugin OodleData
LogPluginManager: Mounting plugin OodleNetwork
LogPluginManager: Mounting plugin DatasmithContent
LogPluginManager: Mounting plugin AssetManagerEditor
LogPluginManager: Mounting plugin VariantManagerContent
LogPluginManager: Mounting plugin DataValidation
LogPluginManager: Mounting plugin CurveEditorTools
LogPluginManager: Mounting plugin GameplayTagsEditor
LogPluginManager: Mounting plugin GeometryMode
LogPluginManager: Mounting plugin CryptoKeys
LogPluginManager: Mounting plugin FacialAnimation
LogPluginManager: Mounting plugin MacGraphicsSwitching
LogPluginManager: Mounting plugin MobileLauncherProfileWizard
LogPluginManager: Mounting plugin PluginBrowser
LogPluginManager: Mounting plugin SpeedTreeImporter
LogPluginManager: Mounting plugin AnimationSharing
LogPluginManager: Mounting plugin CodeLiteSourceCodeAccess
LogPluginManager: Mounting plugin Niagara
LogPluginManager: Mounting plugin CLionSourceCodeAccess
LogPluginManager: Mounting plugin GitSourceControl
LogPluginManager: Mounting plugin KDevelopSourceCodeAccess
LogPluginManager: Mounting plugin NullSourceCodeAccess
LogPluginManager: Mounting plugin PerforceSourceControl
LogPluginManager: Mounting plugin PixWinPlugin
LogPluginManager: Mounting plugin TextureFormatOodle
LogPluginManager: Mounting plugin RiderSourceCodeAccess
LogPluginManager: Mounting plugin SubversionSourceControl
LogPluginManager: Mounting plugin PluginUtils
LogPluginManager: Mounting plugin PlasticSourceControl
LogPluginManager: Mounting plugin MaterialAnalyzer
LogPluginManager: Mounting plugin UObjectPlugin
LogPluginManager: Mounting plugin VisualStudioSourceCodeAccess
LogPluginManager: Mounting plugin VisualStudioCodeSourceCodeAccess
LogPluginManager: Mounting plugin XCodeSourceCodeAccess
LogPluginManager: Mounting plugin LuminPlatformFeatures
LogPluginManager: Mounting plugin AlembicImporter
LogPluginManager: Mounting plugin AutomationUtils
LogPluginManager: Mounting plugin BackChannel
LogPluginManager: Mounting plugin ChaosCloth
LogPluginManager: Mounting plugin ChaosClothEditor
LogPluginManager: Mounting plugin ChaosEditor
LogPluginManager: Mounting plugin ChaosNiagara
LogPluginManager: Mounting plugin ChaosSolverPlugin
LogPluginManager: Mounting plugin CharacterAI
LogPluginManager: Mounting plugin MagicLeapLightEstimation
LogPluginManager: Mounting plugin MagicLeapMedia
LogPluginManager: Mounting plugin MagicLeap
LogPluginManager: Mounting plugin MagicLeapPassableWorld
LogPluginManager: Mounting plugin PropertyAccessNode
LogPluginManager: Mounting plugin MLSDK
LogPluginManager: Mounting plugin GeometryCollectionPlugin
LogPluginManager: Mounting plugin GeometryCache
LogPluginManager: Mounting plugin EasyFileDialog
LogPluginManager: Mounting plugin GeometryProcessing
LogPluginManager: Mounting plugin PDFPlugin
LogPluginManager: Mounting plugin MotoSynth
LogPluginManager: Mounting plugin OpenImageDenoise
LogPluginManager: Mounting plugin PlanarCut
LogPluginManager: Mounting plugin PlatformCrypto
LogPluginManager: Mounting plugin ProxyLODPlugin
LogPluginManager: Mounting plugin PythonScriptPlugin
LogPluginManager: Mounting plugin SkeletalReduction
LogPluginManager: Mounting plugin AndroidMedia
LogPluginManager: Mounting plugin AvfMedia
LogPluginManager: Mounting plugin ImgMedia
LogPluginManager: Mounting plugin MediaCompositing
LogPluginManager: Mounting plugin MediaPlayerEditor
LogPluginManager: Mounting plugin WebMMedia
LogPluginManager: Mounting plugin WmfMedia
LogPluginManager: Mounting plugin UdpMessaging
LogPluginManager: Mounting plugin TcpMessaging
LogPluginManager: Mounting plugin ActorSequence
LogPluginManager: Mounting plugin MatineeToLevelSequence
LogPluginManager: Mounting plugin LevelSequenceEditor
LogPluginManager: Mounting plugin TemplateSequence
LogPluginManager: Mounting plugin OnlineSubsystem
LogPluginManager: Mounting plugin OnlineSubsystemNull
LogPluginManager: Mounting plugin OnlineSubsystemUtils
LogPluginManager: Mounting plugin LauncherChunkInstaller
LogPluginManager: Mounting plugin ActorLayerUtilities
LogPluginManager: Mounting plugin AndroidDeviceProfileSelector
LogPluginManager: Mounting plugin AndroidMoviePlayer
LogPluginManager: Mounting plugin AndroidPermission
LogPluginManager: Mounting plugin AppleImageUtils
LogPluginManager: Mounting plugin ArchVisCharacter
LogPluginManager: Mounting plugin AppleMoviePlayer
LogPluginManager: Mounting plugin AssetTags
LogPluginManager: Mounting plugin AudioCapture
LogPluginManager: Mounting plugin AudioSynesthesia
LogPluginManager: Mounting plugin CableComponent
LogPluginManager: Mounting plugin ChunkDownloader
LogPluginManager: Mounting plugin CustomMeshComponent
LogPluginManager: Mounting plugin EditableMesh
LogPluginManager: Mounting plugin ExampleDeviceProfileSelector
LogPluginManager: Mounting plugin GoogleCloudMessaging
LogPluginManager: Mounting plugin GooglePAD
LogPluginManager: Mounting plugin ScreenshotTools
LogPluginManager: Mounting plugin IOSDeviceProfileSelector
LogPluginManager: Mounting plugin LinuxDeviceProfileSelector
LogPluginManager: Mounting plugin LocationServicesBPLibrary
LogPluginManager: Mounting plugin MobilePatchingUtils
LogPluginManager: Mounting plugin OpenXREyeTracker
LogPluginManager: Mounting plugin OpenXR
LogPluginManager: Mounting plugin OpenXRHandTracking
LogPluginManager: Mounting plugin PostSplashScreen
LogPluginManager: Mounting plugin PhysXVehicles
LogPluginManager: Mounting plugin ProceduralMeshComponent
LogPluginManager: Mounting plugin RuntimePhysXCooking
LogPluginManager: Mounting plugin PropertyAccessEditor
LogPluginManager: Mounting plugin SignificanceManager
LogPluginManager: Mounting plugin SoundFields
LogPluginManager: Mounting plugin Synthesis
LogPluginManager: Mounting plugin WebMMoviePlayer
LogPluginManager: Mounting plugin WindowsMoviePlayer
LogPluginManager: Mounting plugin Takes
LogPluginManager: Mounting plugin ContentBrowserAssetDataSource
LogPluginManager: Mounting plugin ContentBrowserClassDataSource
LogPluginManager: Mounting plugin ContentBrowserFileDataSource
LogPluginManager: Mounting plugin OnlineSubsystemGooglePlay
LogPluginManager: Mounting plugin OnlineSubsystemIOS
LogPluginManager: Mounting plugin OculusVR
LogPluginManager: Mounting plugin SteamVR
PixWinPlugin: PIX capture plugin failed to initialize! Check that the process is launched from PIX.
LogInit: Using libcurl 7.55.1-DEV
LogInit:  - built for x86_64-pc-win32
LogInit:  - supports SSL with OpenSSL/1.1.1
LogInit:  - supports HTTP deflate (compression) using libz 1.2.8
LogInit:  - other features:
LogInit:      CURL_VERSION_SSL
LogInit:      CURL_VERSION_LIBZ
LogInit:      CURL_VERSION_IPV6
LogInit:      CURL_VERSION_ASYNCHDNS
LogInit:      CURL_VERSION_LARGEFILE
LogInit:      CURL_VERSION_IDN
LogInit:  CurlRequestOptions (configurable via config and command line):
LogInit:  - bVerifyPeer = true  - Libcurl will verify peer certificate
LogInit:  - bUseHttpProxy = false  - Libcurl will NOT use HTTP proxy
LogInit:  - bDontReuseConnections = false  - Libcurl will reuse connections
LogInit:  - MaxHostConnections = 16  - Libcurl will limit the number of connections to a host
LogInit:  - LocalHostAddr = Default
LogInit:  - BufferSize = 65536
LogOnline: OSS: Creating online subsystem instance for: NULL
LogInit: WinSock: version 1.1 (2.2), MaxSocks=32767, MaxUdp=65467
LogOnline: OSS: TryLoadSubsystemAndSetDefault: Loaded subsystem for module [NULL]
LogOculusPluginWrapper: OculusPlugin initialized successfully
LogHMD: Failed initializing OVRPlugin 1.59.0
LogInit: Build: ++UE4+Release-4.27-CL-17735300
LogInit: Engine Version: 4.27.1-17735300+++UE4+Release-4.27
LogInit: Compatible Engine Version: 4.27.0-17155196+++UE4+Release-4.27
LogInit: Net CL: 17155196
LogInit: OS: Windows 10 (Release 2009) (), CPU: AMD Ryzen 7 5800X 8-Core Processor             , GPU: NVIDIA GeForce GTX 1050 Ti
LogInit: Compiled (64-bit): Oct  6 2021 14:42:51
LogInit: Compiled with Visual C++: 19.24.28315.00
LogInit: Build Configuration: Development
LogInit: Branch Name: ++UE4+Release-4.27
LogInit: Command Line: 
LogInit: Base Directory: C:/Program Files/Epic Games/UE_4.27/Engine/Binaries/Win64/
LogInit: Allocator: TBB
LogInit: Installed Engine Build: 1
LogDevObjectVersion: Number of dev versions registered: 29
LogDevObjectVersion:   Dev-Blueprints (B0D832E4-1F89-4F0D-ACCF-7EB736FD4AA2): 10
LogDevObjectVersion:   Dev-Build (E1C64328-A22C-4D53-A36C-8E866417BD8C): 0
LogDevObjectVersion:   Dev-Core (375EC13C-06E4-48FB-B500-84F0262A717E): 4
LogDevObjectVersion:   Dev-Editor (E4B068ED-F494-42E9-A231-DA0B2E46BB41): 40
LogDevObjectVersion:   Dev-Framework (CFFC743F-43B0-4480-9391-14DF171D2073): 37
LogDevObjectVersion:   Dev-Mobile (B02B49B5-BB20-44E9-A304-32B752E40360): 3
LogDevObjectVersion:   Dev-Networking (A4E4105C-59A1-49B5-A7C5-40C4547EDFEE): 0
LogDevObjectVersion:   Dev-Online (39C831C9-5AE6-47DC-9A44-9C173E1C8E7C): 0
LogDevObjectVersion:   Dev-Physics (78F01B33-EBEA-4F98-B9B4-84EACCB95AA2): 14
LogDevObjectVersion:   Dev-Platform (6631380F-2D4D-43E0-8009-CF276956A95A): 0
LogDevObjectVersion:   Dev-Rendering (12F88B9F-8875-4AFC-A67C-D90C383ABD29): 45
LogDevObjectVersion:   Dev-Sequencer (7B5AE74C-D270-4C10-A958-57980B212A5A): 13
LogDevObjectVersion:   Dev-VR (D7296918-1DD6-4BDD-9DE2-64A83CC13884): 3
LogDevObjectVersion:   Dev-LoadTimes (C2A15278-BFE7-4AFE-6C17-90FF531DF755): 1
LogDevObjectVersion:   Private-Geometry (6EACA3D4-40EC-4CC1-B786-8BED09428FC5): 3
LogDevObjectVersion:   Dev-AnimPhys (29E575DD-E0A3-4627-9D10-D276232CDCEA): 17
LogDevObjectVersion:   Dev-Anim (AF43A65D-7FD3-4947-9873-3E8ED9C1BB05): 15
LogDevObjectVersion:   Dev-ReflectionCapture (6B266CEC-1EC7-4B8F-A30B-E4D90942FC07): 1
LogDevObjectVersion:   Dev-Automation (0DF73D61-A23F-47EA-B727-89E90C41499A): 1
LogDevObjectVersion:   FortniteMain (601D1886-AC64-4F84-AA16-D3DE0DEAC7D6): 47
LogDevObjectVersion:   FortniteRelease (E7086368-6B23-4C58-8439-1B7016265E91): 1
LogDevObjectVersion:   Dev-Enterprise (9DFFBCD6-494F-0158-E221-12823C92A888): 10
LogDevObjectVersion:   Dev-Niagara (F2AED0AC-9AFE-416F-8664-AA7FFA26D6FC): 1
LogDevObjectVersion:   Dev-Destruction (174F1F0B-B4C6-45A5-B13F-2EE8D0FB917D): 10
LogDevObjectVersion:   Dev-Physics-Ext (35F94A83-E258-406C-A318-09F59610247C): 41
LogDevObjectVersion:   Dev-PhysicsMaterial-Chaos (B68FC16E-8B1B-42E2-B453-215C058844FE): 1
LogDevObjectVersion:   Dev-CineCamera (B2E18506-4273-CFC2-A54E-F4BB758BBA07): 1
LogDevObjectVersion:   Dev-VirtualProduction (64F58936-FD1B-42BA-BA96-7289D5D0FA4E): 1
LogDevObjectVersion:   Dev-MediaFramework (6F0ED827-A609-4895-9C91-998D90180EA4): 2
LogInit: Presizing for max 25165824 objects, including 0 objects not considered by GC, pre-allocating 0 bytes for permanent pool.
LogConfig: Applying CVar settings from Section [/Script/Engine.StreamingSettings] File [C:/Users/shero/Repositories/ReadApp/Saved/Config/Windows/Engine.ini]
LogConfig: Setting CVar [[s.MinBulkDataSizeForAsyncLoading:131072]]
LogConfig: Setting CVar [[s.AsyncLoadingThreadEnabled:0]]
LogConfig: Setting CVar [[s.EventDrivenLoaderEnabled:1]]
LogConfig: Setting CVar [[s.WarnIfTimeLimitExceeded:0]]
LogConfig: Setting CVar [[s.TimeLimitExceededMultiplier:1.5]]
LogConfig: Setting CVar [[s.TimeLimitExceededMinTime:0.005]]
LogConfig: Setting CVar [[s.UseBackgroundLevelStreaming:1]]
LogConfig: Setting CVar [[s.PriorityAsyncLoadingExtraTime:15.0]]
LogConfig: Setting CVar [[s.LevelStreamingActorsUpdateTimeLimit:5.0]]
LogConfig: Setting CVar [[s.PriorityLevelStreamingActorsUpdateExtraTime:5.0]]
LogConfig: Setting CVar [[s.LevelStreamingComponentsRegistrationGranularity:10]]
LogConfig: Setting CVar [[s.UnregisterComponentsTimeLimit:1.0]]
LogConfig: Setting CVar [[s.LevelStreamingComponentsUnregistrationGranularity:5]]
LogConfig: Setting CVar [[s.FlushStreamingOnExit:1]]
LogInit: Object subsystem initialized
LogConfig: Setting CVar [[con.DebugEarlyDefault:1]]
LogConfig: Setting CVar [[r.setres:1280x720]]
[2021.11.16-08.39.52:964][  0]LogConfig: Setting CVar [[r.VSync:0]]
[2021.11.16-08.39.52:964][  0]LogConfig: Setting CVar [[r.RHICmdBypass:0]]
[2021.11.16-08.39.52:964][  0]LogConfig: Applying CVar settings from Section [/Script/Engine.RendererSettings] File [C:/Users/shero/Repositories/ReadApp/Saved/Config/Windows/Engine.ini]
[2021.11.16-08.39.52:964][  0]LogConfig: Setting CVar [[r.GPUCrashDebugging:0]]
[2021.11.16-08.39.52:964][  0]LogConfig: Applying CVar settings from Section [/Script/Engine.RendererOverrideSettings] File [C:/Users/shero/Repositories/ReadApp/Saved/Config/Windows/Engine.ini]
[2021.11.16-08.39.52:964][  0]LogConfig: Applying CVar settings from Section [/Script/Engine.StreamingSettings] File [C:/Users/shero/Repositories/ReadApp/Saved/Config/Windows/Engine.ini]
[2021.11.16-08.39.52:964][  0]LogConfig: Setting CVar [[s.MinBulkDataSizeForAsyncLoading:131072]]
[2021.11.16-08.39.52:964][  0]LogConfig: Setting CVar [[s.AsyncLoadingThreadEnabled:0]]
[2021.11.16-08.39.52:964][  0]LogConfig: Setting CVar [[s.EventDrivenLoaderEnabled:1]]
[2021.11.16-08.39.52:964][  0]LogConfig: Setting CVar [[s.WarnIfTimeLimitExceeded:0]]
[2021.11.16-08.39.52:964][  0]LogConfig: Setting CVar [[s.TimeLimitExceededMultiplier:1.5]]
[2021.11.16-08.39.52:964][  0]LogConfig: Setting CVar [[s.TimeLimitExceededMinTime:0.005]]
[2021.11.16-08.39.52:964][  0]LogConfig: Setting CVar [[s.UseBackgroundLevelStreaming:1]]
[2021.11.16-08.39.52:964][  0]LogConfig: Setting CVar [[s.PriorityAsyncLoadingExtraTime:15.0]]
[2021.11.16-08.39.52:964][  0]LogConfig: Setting CVar [[s.LevelStreamingActorsUpdateTimeLimit:5.0]]
[2021.11.16-08.39.52:964][  0]LogConfig: Setting CVar [[s.PriorityLevelStreamingActorsUpdateExtraTime:5.0]]
[2021.11.16-08.39.52:964][  0]LogConfig: Setting CVar [[s.LevelStreamingComponentsRegistrationGranularity:10]]
[2021.11.16-08.39.52:964][  0]LogConfig: Setting CVar [[s.UnregisterComponentsTimeLimit:1.0]]
[2021.11.16-08.39.52:964][  0]LogConfig: Setting CVar [[s.LevelStreamingComponentsUnregistrationGranularity:5]]
[2021.11.16-08.39.52:964][  0]LogConfig: Setting CVar [[s.FlushStreamingOnExit:1]]
[2021.11.16-08.39.52:964][  0]LogConfig: Applying CVar settings from Section [/Script/Engine.GarbageCollectionSettings] File [C:/Users/shero/Repositories/ReadApp/Saved/Config/Windows/Engine.ini]
[2021.11.16-08.39.52:964][  0]LogConfig: Setting CVar [[gc.MaxObjectsNotConsideredByGC:1]]
[2021.11.16-08.39.52:964][  0]LogConfig: Setting CVar [[gc.SizeOfPermanentObjectPool:0]]
[2021.11.16-08.39.52:964][  0]LogConfig: Setting CVar [[gc.FlushStreamingOnGC:0]]
[2021.11.16-08.39.52:964][  0]LogConfig: Setting CVar [[gc.NumRetriesBeforeForcingGC:10]]
[2021.11.16-08.39.52:964][  0]LogConfig: Setting CVar [[gc.AllowParallelGC:1]]
[2021.11.16-08.39.52:964][  0]LogConfig: Setting CVar [[gc.TimeBetweenPurgingPendingKillObjects:61.1]]
[2021.11.16-08.39.52:964][  0]LogConfig: Setting CVar [[gc.MaxObjectsInEditor:25165824]]
[2021.11.16-08.39.52:964][  0]LogConfig: Setting CVar [[gc.IncrementalBeginDestroyEnabled:1]]
[2021.11.16-08.39.52:964][  0]LogConfig: Setting CVar [[gc.CreateGCClusters:1]]
[2021.11.16-08.39.52:964][  0]LogConfig: Setting CVar [[gc.MinGCClusterSize:5]]
[2021.11.16-08.39.52:964][  0]LogConfig: Setting CVar [[gc.ActorClusteringEnabled:0]]
[2021.11.16-08.39.52:964][  0]LogConfig: Setting CVar [[gc.BlueprintClusteringEnabled:0]]
[2021.11.16-08.39.52:965][  0]LogConfig: Setting CVar [[gc.UseDisregardForGCOnDedicatedServers:0]]
[2021.11.16-08.39.52:965][  0]LogConfig: Setting CVar [[gc.MultithreadedDestructionEnabled:1]]
[2021.11.16-08.39.52:965][  0]LogConfig: Applying CVar settings from Section [/Script/Engine.NetworkSettings] File [C:/Users/shero/Repositories/ReadApp/Saved/Config/Windows/Engine.ini]
[2021.11.16-08.39.52:965][  0]LogConfig: Applying CVar settings from Section [/Script/UnrealEd.CookerSettings] File [C:/Users/shero/Repositories/ReadApp/Saved/Config/Windows/Engine.ini]
[2021.11.16-08.39.52:975][  0]LogConfig: Applying CVar settings from Section [ViewDistanceQuality@3] File [C:/Users/shero/Repositories/ReadApp/Saved/Config/Windows/Scalability.ini]
[2021.11.16-08.39.52:975][  0]LogConfig: Setting CVar [[r.SkeletalMeshLODBias:0]]
[2021.11.16-08.39.52:975][  0]LogConfig: Setting CVar [[r.ViewDistanceScale:1.0]]
[2021.11.16-08.39.52:975][  0]LogConfig: Applying CVar settings from Section [AntiAliasingQuality@3] File [C:/Users/shero/Repositories/ReadApp/Saved/Config/Windows/Scalability.ini]
[2021.11.16-08.39.52:975][  0]LogConfig: Setting CVar [[r.PostProcessAAQuality:4]]
[2021.11.16-08.39.52:975][  0]LogConfig: Applying CVar settings from Section [ShadowQuality@3] File [C:/Users/shero/Repositories/ReadApp/Saved/Config/Windows/Scalability.ini]
[2021.11.16-08.39.52:975][  0]LogConfig: Setting CVar [[r.LightFunctionQuality:1]]
[2021.11.16-08.39.52:975][  0]LogConfig: Setting CVar [[r.ShadowQuality:5]]
[2021.11.16-08.39.52:975][  0]LogConfig: Setting CVar [[r.Shadow.CSM.MaxCascades:10]]
[2021.11.16-08.39.52:975][  0]LogConfig: Setting CVar [[r.Shadow.MaxResolution:2048]]
[2021.11.16-08.39.52:975][  0]LogConfig: Setting CVar [[r.Shadow.MaxCSMResolution:2048]]
[2021.11.16-08.39.52:975][  0]LogConfig: Setting CVar [[r.Shadow.RadiusThreshold:0.01]]
[2021.11.16-08.39.52:975][  0]LogConfig: Setting CVar [[r.Shadow.DistanceScale:1.0]]
[2021.11.16-08.39.52:975][  0]LogConfig: Setting CVar [[r.Shadow.CSM.TransitionScale:1.0]]
[2021.11.16-08.39.52:975][  0]LogConfig: Setting CVar [[r.Shadow.PreShadowResolutionFactor:1.0]]
[2021.11.16-08.39.52:975][  0]LogConfig: Setting CVar [[r.DistanceFieldShadowing:1]]
[2021.11.16-08.39.52:975][  0]LogConfig: Setting CVar [[r.DistanceFieldAO:1]]
[2021.11.16-08.39.52:975][  0]LogConfig: Setting CVar [[r.AOQuality:2]]
[2021.11.16-08.39.52:975][  0]LogConfig: Setting CVar [[r.VolumetricFog:1]]
[2021.11.16-08.39.52:975][  0]LogConfig: Setting CVar [[r.VolumetricFog.GridPixelSize:8]]
[2021.11.16-08.39.52:975][  0]LogConfig: Setting CVar [[r.VolumetricFog.GridSizeZ:128]]
[2021.11.16-08.39.52:975][  0]LogConfig: Setting CVar [[r.VolumetricFog.HistoryMissSupersampleCount:4]]
[2021.11.16-08.39.52:975][  0]LogConfig: Setting CVar [[r.LightMaxDrawDistanceScale:1]]
[2021.11.16-08.39.52:975][  0]LogConfig: Setting CVar [[r.CapsuleShadows:1]]
[2021.11.16-08.39.52:975][  0]LogConfig: Applying CVar settings from Section [PostProcessQuality@3] File [C:/Users/shero/Repositories/ReadApp/Saved/Config/Windows/Scalability.ini]
[2021.11.16-08.39.52:975][  0]LogConfig: Setting CVar [[r.MotionBlurQuality:4]]
[2021.11.16-08.39.52:975][  0]LogConfig: Setting CVar [[r.AmbientOcclusionMipLevelFactor:0.4]]
[2021.11.16-08.39.52:975][  0]LogConfig: Setting CVar [[r.AmbientOcclusionMaxQuality:100]]
[2021.11.16-08.39.52:975][  0]LogConfig: Setting CVar [[r.AmbientOcclusionLevels:-1]]
[2021.11.16-08.39.52:975][  0]LogConfig: Setting CVar [[r.AmbientOcclusionRadiusScale:1.0]]
[2021.11.16-08.39.52:975][  0]LogConfig: Setting CVar [[r.DepthOfFieldQuality:2]]
[2021.11.16-08.39.52:975][  0]LogConfig: Setting CVar [[r.RenderTargetPoolMin:400]]
[2021.11.16-08.39.52:975][  0]LogConfig: Setting CVar [[r.LensFlareQuality:2]]
[2021.11.16-08.39.52:975][  0]LogConfig: Setting CVar [[r.SceneColorFringeQuality:1]]
[2021.11.16-08.39.52:975][  0]LogConfig: Setting CVar [[r.EyeAdaptationQuality:2]]
[2021.11.16-08.39.52:975][  0]LogConfig: Setting CVar [[r.BloomQuality:5]]
[2021.11.16-08.39.52:975][  0]LogConfig: Setting CVar [[r.FastBlurThreshold:100]]
[2021.11.16-08.39.52:975][  0]LogConfig: Setting CVar [[r.Upscale.Quality:3]]
[2021.11.16-08.39.52:975][  0]LogConfig: Setting CVar [[r.Tonemapper.GrainQuantization:1]]
[2021.11.16-08.39.52:975][  0]LogConfig: Setting CVar [[r.LightShaftQuality:1]]
[2021.11.16-08.39.52:975][  0]LogConfig: Setting CVar [[r.Filter.SizeScale:1]]
[2021.11.16-08.39.52:975][  0]LogConfig: Setting CVar [[r.Tonemapper.Quality:5]]
[2021.11.16-08.39.52:975][  0]LogConfig: Setting CVar [[r.DOF.Gather.AccumulatorQuality:1        ; higher gathering accumulator quality]]
[2021.11.16-08.39.52:975][  0]LogConfig: Setting CVar [[r.DOF.Gather.PostfilterMethod:1          ; Median3x3 postfilering method]]
[2021.11.16-08.39.52:975][  0]LogConfig: Setting CVar [[r.DOF.Gather.EnableBokehSettings:0       ; no bokeh simulation when gathering]]
[2021.11.16-08.39.52:975][  0]LogConfig: Setting CVar [[r.DOF.Gather.RingCount:4                 ; medium number of samples when gathering]]
[2021.11.16-08.39.52:975][  0]LogConfig: Setting CVar [[r.DOF.Scatter.ForegroundCompositing:1    ; additive foreground scattering]]
[2021.11.16-08.39.52:975][  0]LogConfig: Setting CVar [[r.DOF.Scatter.BackgroundCompositing:2    ; additive background scattering]]
[2021.11.16-08.39.52:975][  0]LogConfig: Setting CVar [[r.DOF.Scatter.EnableBokehSettings:1      ; bokeh simulation when scattering]]
[2021.11.16-08.39.52:975][  0]LogConfig: Setting CVar [[r.DOF.Scatter.MaxSpriteRatio:0.1         ; only a maximum of 10% of scattered bokeh]]
[2021.11.16-08.39.52:975][  0]LogConfig: Setting CVar [[r.DOF.Recombine.Quality:1                ; cheap slight out of focus]]
[2021.11.16-08.39.52:975][  0]LogConfig: Setting CVar [[r.DOF.Recombine.EnableBokehSettings:0    ; no bokeh simulation on slight out of focus]]
[2021.11.16-08.39.52:975][  0]LogConfig: Setting CVar [[r.DOF.TemporalAAQuality:1                ; more stable temporal accumulation]]
[2021.11.16-08.39.52:975][  0]LogConfig: Setting CVar [[r.DOF.Kernel.MaxForegroundRadius:0.025]]
[2021.11.16-08.39.52:975][  0]LogConfig: Setting CVar [[r.DOF.Kernel.MaxBackgroundRadius:0.025]]
[2021.11.16-08.39.52:975][  0]LogConfig: Applying CVar settings from Section [TextureQuality@3] File [C:/Users/shero/Repositories/ReadApp/Saved/Config/Windows/Scalability.ini]
[2021.11.16-08.39.52:975][  0]LogConfig: Setting CVar [[r.Streaming.MipBias:0]]
[2021.11.16-08.39.52:975][  0]LogConfig: Setting CVar [[r.Streaming.AmortizeCPUToGPUCopy:0]]
[2021.11.16-08.39.52:975][  0]LogConfig: Setting CVar [[r.Streaming.MaxNumTexturesToStreamPerFrame:0]]
[2021.11.16-08.39.52:975][  0]LogConfig: Setting CVar [[r.Streaming.Boost:1]]
[2021.11.16-08.39.52:975][  0]LogConfig: Setting CVar [[r.MaxAnisotropy:8]]
[2021.11.16-08.39.52:975][  0]LogConfig: Setting CVar [[r.VT.MaxAnisotropy:8]]
[2021.11.16-08.39.52:975][  0]LogConfig: Setting CVar [[r.Streaming.LimitPoolSizeToVRAM:0]]
[2021.11.16-08.39.52:975][  0]LogConfig: Setting CVar [[r.Streaming.PoolSize:1000]]
[2021.11.16-08.39.52:975][  0]LogConfig: Setting CVar [[r.Streaming.MaxEffectiveScreenSize:0]]
[2021.11.16-08.39.52:975][  0]LogConfig: Applying CVar settings from Section [EffectsQuality@3] File [C:/Users/shero/Repositories/ReadApp/Saved/Config/Windows/Scalability.ini]
[2021.11.16-08.39.52:975][  0]LogConfig: Setting CVar [[r.TranslucencyLightingVolumeDim:64]]
[2021.11.16-08.39.52:975][  0]LogConfig: Setting CVar [[r.RefractionQuality:2]]
[2021.11.16-08.39.52:975][  0]LogConfig: Setting CVar [[r.SSR.Quality:3]]
[2021.11.16-08.39.52:975][  0]LogConfig: Setting CVar [[r.SSR.HalfResSceneColor:0]]
[2021.11.16-08.39.52:975][  0]LogConfig: Setting CVar [[r.SceneColorFormat:4]]
[2021.11.16-08.39.52:975][  0]LogConfig: Setting CVar [[r.DetailMode:2]]
[2021.11.16-08.39.52:975][  0]LogConfig: Setting CVar [[r.TranslucencyVolumeBlur:1]]
[2021.11.16-08.39.52:975][  0]LogConfig: Setting CVar [[r.MaterialQualityLevel:1 ; High quality]]
[2021.11.16-08.39.52:975][  0]LogConfig: Setting CVar [[r.AnisotropicMaterials:1]]
[2021.11.16-08.39.52:975][  0]LogConfig: Setting CVar [[r.SSS.Scale:1]]
[2021.11.16-08.39.52:975][  0]LogConfig: Setting CVar [[r.SSS.SampleSet:2]]
[2021.11.16-08.39.52:975][  0]LogConfig: Setting CVar [[r.SSS.Quality:1]]
[2021.11.16-08.39.52:975][  0]LogConfig: Setting CVar [[r.SSS.HalfRes:0]]
[2021.11.16-08.39.52:975][  0]LogConfig: Setting CVar [[r.SSGI.Quality:3]]
[2021.11.16-08.39.52:975][  0]LogConfig: Setting CVar [[r.EmitterSpawnRateScale:1.0]]
[2021.11.16-08.39.52:975][  0]LogConfig: Setting CVar [[r.ParticleLightQuality:2]]
[2021.11.16-08.39.52:975][  0]LogConfig: Setting CVar [[r.SkyAtmosphere.AerialPerspectiveLUT.FastApplyOnOpaque:1 ; Always have FastSkyLUT 1 in this case to avoid wrong sky]]
[2021.11.16-08.39.52:975][  0]LogConfig: Setting CVar [[r.SkyAtmosphere.AerialPerspectiveLUT.SampleCountMaxPerSlice:4]]
[2021.11.16-08.39.52:975][  0]LogConfig: Setting CVar [[r.SkyAtmosphere.AerialPerspectiveLUT.DepthResolution:16.0]]
[2021.11.16-08.39.52:975][  0]LogConfig: Setting CVar [[r.SkyAtmosphere.FastSkyLUT:1]]
[2021.11.16-08.39.52:975][  0]LogConfig: Setting CVar [[r.SkyAtmosphere.FastSkyLUT.SampleCountMin:4.0]]
[2021.11.16-08.39.52:975][  0]LogConfig: Setting CVar [[r.SkyAtmosphere.FastSkyLUT.SampleCountMax:128.0]]
[2021.11.16-08.39.52:975][  0]LogConfig: Setting CVar [[r.SkyAtmosphere.SampleCountMin:4.0]]
[2021.11.16-08.39.52:975][  0]LogConfig: Setting CVar [[r.SkyAtmosphere.SampleCountMax:128.0]]
[2021.11.16-08.39.52:975][  0]LogConfig: Setting CVar [[r.SkyAtmosphere.TransmittanceLUT.UseSmallFormat:0]]
[2021.11.16-08.39.52:975][  0]LogConfig: Setting CVar [[r.SkyAtmosphere.TransmittanceLUT.SampleCount:10.0]]
[2021.11.16-08.39.52:975][  0]LogConfig: Setting CVar [[r.SkyAtmosphere.MultiScatteringLUT.SampleCount:15.0]]
[2021.11.16-08.39.52:975][  0]LogConfig: Setting CVar [[r.SkyLight.RealTimeReflectionCapture:1]]
[2021.11.16-08.39.52:975][  0]LogConfig: Applying CVar settings from Section [FoliageQuality@3] File [C:/Users/shero/Repositories/ReadApp/Saved/Config/Windows/Scalability.ini]
[2021.11.16-08.39.52:975][  0]LogConfig: Setting CVar [[foliage.DensityScale:1.0]]
[2021.11.16-08.39.52:975][  0]LogConfig: Setting CVar [[grass.DensityScale:1.0]]
[2021.11.16-08.39.52:975][  0]LogConfig: Applying CVar settings from Section [ShadingQuality@3] File [C:/Users/shero/Repositories/ReadApp/Saved/Config/Windows/Scalability.ini]
[2021.11.16-08.39.52:975][  0]LogConfig: Setting CVar [[r.HairStrands.SkyLighting.IntegrationType:2]]
[2021.11.16-08.39.52:975][  0]LogConfig: Setting CVar [[r.HairStrands.SkyAO.SampleCount:4]]
[2021.11.16-08.39.52:975][  0]LogConfig: Setting CVar [[r.HairStrands.Visibility.MSAA.SamplePerPixel:4]]
[2021.11.16-08.39.52:976][  0]LogInit: Selected Device Profile: [Windows]
[2021.11.16-08.39.52:976][  0]LogInit: Applying CVar settings loaded from the selected device profile: [Windows]
[2021.11.16-08.39.52:976][  0]LogHAL: Display: Platform has ~ 32 GB [34277793792 / 34359738368 / 32], which maps to Largest [LargestMinGB=32, LargerMinGB=12, DefaultMinGB=8, SmallerMinGB=6, SmallestMinGB=0)
[2021.11.16-08.39.52:976][  0]LogInit: Going up to parent DeviceProfile []
[2021.11.16-08.39.52:976][  0]LogConfig: Applying CVar settings from Section [ViewDistanceQuality@3] File [C:/Users/shero/Repositories/ReadApp/Saved/Config/Windows/Scalability.ini]
[2021.11.16-08.39.52:976][  0]LogConfig: Setting CVar [[r.SkeletalMeshLODBias:0]]
[2021.11.16-08.39.52:976][  0]LogConfig: Setting CVar [[r.ViewDistanceScale:1.0]]
[2021.11.16-08.39.52:976][  0]LogConfig: Applying CVar settings from Section [AntiAliasingQuality@3] File [C:/Users/shero/Repositories/ReadApp/Saved/Config/Windows/Scalability.ini]
[2021.11.16-08.39.52:976][  0]LogConfig: Setting CVar [[r.PostProcessAAQuality:4]]
[2021.11.16-08.39.52:976][  0]LogConfig: Applying CVar settings from Section [ShadowQuality@3] File [C:/Users/shero/Repositories/ReadApp/Saved/Config/Windows/Scalability.ini]
[2021.11.16-08.39.52:976][  0]LogConfig: Setting CVar [[r.LightFunctionQuality:1]]
[2021.11.16-08.39.52:976][  0]LogConfig: Setting CVar [[r.ShadowQuality:5]]
[2021.11.16-08.39.52:976][  0]LogConfig: Setting CVar [[r.Shadow.CSM.MaxCascades:10]]
[2021.11.16-08.39.52:976][  0]LogConfig: Setting CVar [[r.Shadow.MaxResolution:2048]]
[2021.11.16-08.39.52:976][  0]LogConfig: Setting CVar [[r.Shadow.MaxCSMResolution:2048]]
[2021.11.16-08.39.52:976][  0]LogConfig: Setting CVar [[r.Shadow.RadiusThreshold:0.01]]
[2021.11.16-08.39.52:976][  0]LogConfig: Setting CVar [[r.Shadow.DistanceScale:1.0]]
[2021.11.16-08.39.52:976][  0]LogConfig: Setting CVar [[r.Shadow.CSM.TransitionScale:1.0]]
[2021.11.16-08.39.52:976][  0]LogConfig: Setting CVar [[r.Shadow.PreShadowResolutionFactor:1.0]]
[2021.11.16-08.39.52:976][  0]LogConfig: Setting CVar [[r.DistanceFieldShadowing:1]]
[2021.11.16-08.39.52:976][  0]LogConfig: Setting CVar [[r.DistanceFieldAO:1]]
[2021.11.16-08.39.52:976][  0]LogConfig: Setting CVar [[r.AOQuality:2]]
[2021.11.16-08.39.52:976][  0]LogConfig: Setting CVar [[r.VolumetricFog:1]]
[2021.11.16-08.39.52:976][  0]LogConfig: Setting CVar [[r.VolumetricFog.GridPixelSize:8]]
[2021.11.16-08.39.52:976][  0]LogConfig: Setting CVar [[r.VolumetricFog.GridSizeZ:128]]
[2021.11.16-08.39.52:976][  0]LogConfig: Setting CVar [[r.VolumetricFog.HistoryMissSupersampleCount:4]]
[2021.11.16-08.39.52:976][  0]LogConfig: Setting CVar [[r.LightMaxDrawDistanceScale:1]]
[2021.11.16-08.39.52:976][  0]LogConfig: Setting CVar [[r.CapsuleShadows:1]]
[2021.11.16-08.39.52:976][  0]LogConfig: Applying CVar settings from Section [PostProcessQuality@3] File [C:/Users/shero/Repositories/ReadApp/Saved/Config/Windows/Scalability.ini]
[2021.11.16-08.39.52:976][  0]LogConfig: Setting CVar [[r.MotionBlurQuality:4]]
[2021.11.16-08.39.52:976][  0]LogConfig: Setting CVar [[r.AmbientOcclusionMipLevelFactor:0.4]]
[2021.11.16-08.39.52:976][  0]LogConfig: Setting CVar [[r.AmbientOcclusionMaxQuality:100]]
[2021.11.16-08.39.52:976][  0]LogConfig: Setting CVar [[r.AmbientOcclusionLevels:-1]]
[2021.11.16-08.39.52:976][  0]LogConfig: Setting CVar [[r.AmbientOcclusionRadiusScale:1.0]]
[2021.11.16-08.39.52:976][  0]LogConfig: Setting CVar [[r.DepthOfFieldQuality:2]]
[2021.11.16-08.39.52:976][  0]LogConfig: Setting CVar [[r.RenderTargetPoolMin:400]]
[2021.11.16-08.39.52:976][  0]LogConfig: Setting CVar [[r.LensFlareQuality:2]]
[2021.11.16-08.39.52:976][  0]LogConfig: Setting CVar [[r.SceneColorFringeQuality:1]]
[2021.11.16-08.39.52:976][  0]LogConfig: Setting CVar [[r.EyeAdaptationQuality:2]]
[2021.11.16-08.39.52:976][  0]LogConfig: Setting CVar [[r.BloomQuality:5]]
[2021.11.16-08.39.52:976][  0]LogConfig: Setting CVar [[r.FastBlurThreshold:100]]
[2021.11.16-08.39.52:976][  0]LogConfig: Setting CVar [[r.Upscale.Quality:3]]
[2021.11.16-08.39.52:976][  0]LogConfig: Setting CVar [[r.Tonemapper.GrainQuantization:1]]
[2021.11.16-08.39.52:976][  0]LogConfig: Setting CVar [[r.LightShaftQuality:1]]
[2021.11.16-08.39.52:976][  0]LogConfig: Setting CVar [[r.Filter.SizeScale:1]]
[2021.11.16-08.39.52:976][  0]LogConfig: Setting CVar [[r.Tonemapper.Quality:5]]
[2021.11.16-08.39.52:976][  0]LogConfig: Setting CVar [[r.DOF.Gather.AccumulatorQuality:1        ; higher gathering accumulator quality]]
[2021.11.16-08.39.52:976][  0]LogConfig: Setting CVar [[r.DOF.Gather.PostfilterMethod:1          ; Median3x3 postfilering method]]
[2021.11.16-08.39.52:976][  0]LogConfig: Setting CVar [[r.DOF.Gather.EnableBokehSettings:0       ; no bokeh simulation when gathering]]
[2021.11.16-08.39.52:976][  0]LogConfig: Setting CVar [[r.DOF.Gather.RingCount:4                 ; medium number of samples when gathering]]
[2021.11.16-08.39.52:976][  0]LogConfig: Setting CVar [[r.DOF.Scatter.ForegroundCompositing:1    ; additive foreground scattering]]
[2021.11.16-08.39.52:976][  0]LogConfig: Setting CVar [[r.DOF.Scatter.BackgroundCompositing:2    ; additive background scattering]]
[2021.11.16-08.39.52:976][  0]LogConfig: Setting CVar [[r.DOF.Scatter.EnableBokehSettings:1      ; bokeh simulation when scattering]]
[2021.11.16-08.39.52:976][  0]LogConfig: Setting CVar [[r.DOF.Scatter.MaxSpriteRatio:0.1         ; only a maximum of 10% of scattered bokeh]]
[2021.11.16-08.39.52:976][  0]LogConfig: Setting CVar [[r.DOF.Recombine.Quality:1                ; cheap slight out of focus]]
[2021.11.16-08.39.52:976][  0]LogConfig: Setting CVar [[r.DOF.Recombine.EnableBokehSettings:0    ; no bokeh simulation on slight out of focus]]
[2021.11.16-08.39.52:976][  0]LogConfig: Setting CVar [[r.DOF.TemporalAAQuality:1                ; more stable temporal accumulation]]
[2021.11.16-08.39.52:976][  0]LogConfig: Setting CVar [[r.DOF.Kernel.MaxForegroundRadius:0.025]]
[2021.11.16-08.39.52:976][  0]LogConfig: Setting CVar [[r.DOF.Kernel.MaxBackgroundRadius:0.025]]
[2021.11.16-08.39.52:976][  0]LogConfig: Applying CVar settings from Section [TextureQuality@3] File [C:/Users/shero/Repositories/ReadApp/Saved/Config/Windows/Scalability.ini]
[2021.11.16-08.39.52:976][  0]LogConfig: Setting CVar [[r.Streaming.MipBias:0]]
[2021.11.16-08.39.52:976][  0]LogConfig: Setting CVar [[r.Streaming.AmortizeCPUToGPUCopy:0]]
[2021.11.16-08.39.52:976][  0]LogConfig: Setting CVar [[r.Streaming.MaxNumTexturesToStreamPerFrame:0]]
[2021.11.16-08.39.52:976][  0]LogConfig: Setting CVar [[r.Streaming.Boost:1]]
[2021.11.16-08.39.52:976][  0]LogConfig: Setting CVar [[r.MaxAnisotropy:8]]
[2021.11.16-08.39.52:976][  0]LogConfig: Setting CVar [[r.VT.MaxAnisotropy:8]]
[2021.11.16-08.39.52:976][  0]LogConfig: Setting CVar [[r.Streaming.LimitPoolSizeToVRAM:0]]
[2021.11.16-08.39.52:976][  0]LogConfig: Setting CVar [[r.Streaming.PoolSize:1000]]
[2021.11.16-08.39.52:976][  0]LogConfig: Setting CVar [[r.Streaming.MaxEffectiveScreenSize:0]]
[2021.11.16-08.39.52:976][  0]LogConfig: Applying CVar settings from Section [EffectsQuality@3] File [C:/Users/shero/Repositories/ReadApp/Saved/Config/Windows/Scalability.ini]
[2021.11.16-08.39.52:976][  0]LogConfig: Setting CVar [[r.TranslucencyLightingVolumeDim:64]]
[2021.11.16-08.39.52:976][  0]LogConfig: Setting CVar [[r.RefractionQuality:2]]
[2021.11.16-08.39.52:976][  0]LogConfig: Setting CVar [[r.SSR.Quality:3]]
[2021.11.16-08.39.52:976][  0]LogConfig: Setting CVar [[r.SSR.HalfResSceneColor:0]]
[2021.11.16-08.39.52:976][  0]LogConfig: Setting CVar [[r.SceneColorFormat:4]]
[2021.11.16-08.39.52:976][  0]LogConfig: Setting CVar [[r.DetailMode:2]]
[2021.11.16-08.39.52:976][  0]LogConfig: Setting CVar [[r.TranslucencyVolumeBlur:1]]
[2021.11.16-08.39.52:976][  0]LogConfig: Setting CVar [[r.MaterialQualityLevel:1 ; High quality]]
[2021.11.16-08.39.52:976][  0]LogConfig: Setting CVar [[r.AnisotropicMaterials:1]]
[2021.11.16-08.39.52:976][  0]LogConfig: Setting CVar [[r.SSS.Scale:1]]
[2021.11.16-08.39.52:976][  0]LogConfig: Setting CVar [[r.SSS.SampleSet:2]]
[2021.11.16-08.39.52:976][  0]LogConfig: Setting CVar [[r.SSS.Quality:1]]
[2021.11.16-08.39.52:976][  0]LogConfig: Setting CVar [[r.SSS.HalfRes:0]]
[2021.11.16-08.39.52:976][  0]LogConfig: Setting CVar [[r.SSGI.Quality:3]]
[2021.11.16-08.39.52:976][  0]LogConfig: Setting CVar [[r.EmitterSpawnRateScale:1.0]]
[2021.11.16-08.39.52:976][  0]LogConfig: Setting CVar [[r.ParticleLightQuality:2]]
[2021.11.16-08.39.52:976][  0]LogConfig: Setting CVar [[r.SkyAtmosphere.AerialPerspectiveLUT.FastApplyOnOpaque:1 ; Always have FastSkyLUT 1 in this case to avoid wrong sky]]
[2021.11.16-08.39.52:976][  0]LogConfig: Setting CVar [[r.SkyAtmosphere.AerialPerspectiveLUT.SampleCountMaxPerSlice:4]]
[2021.11.16-08.39.52:976][  0]LogConfig: Setting CVar [[r.SkyAtmosphere.AerialPerspectiveLUT.DepthResolution:16.0]]
[2021.11.16-08.39.52:976][  0]LogConfig: Setting CVar [[r.SkyAtmosphere.FastSkyLUT:1]]
[2021.11.16-08.39.52:976][  0]LogConfig: Setting CVar [[r.SkyAtmosphere.FastSkyLUT.SampleCountMin:4.0]]
[2021.11.16-08.39.52:976][  0]LogConfig: Setting CVar [[r.SkyAtmosphere.FastSkyLUT.SampleCountMax:128.0]]
[2021.11.16-08.39.52:976][  0]LogConfig: Setting CVar [[r.SkyAtmosphere.SampleCountMin:4.0]]
[2021.11.16-08.39.52:976][  0]LogConfig: Setting CVar [[r.SkyAtmosphere.SampleCountMax:128.0]]
[2021.11.16-08.39.52:976][  0]LogConfig: Setting CVar [[r.SkyAtmosphere.TransmittanceLUT.UseSmallFormat:0]]
[2021.11.16-08.39.52:976][  0]LogConfig: Setting CVar [[r.SkyAtmosphere.TransmittanceLUT.SampleCount:10.0]]
[2021.11.16-08.39.52:976][  0]LogConfig: Setting CVar [[r.SkyAtmosphere.MultiScatteringLUT.SampleCount:15.0]]
[2021.11.16-08.39.52:976][  0]LogConfig: Setting CVar [[r.SkyLight.RealTimeReflectionCapture:1]]
[2021.11.16-08.39.52:976][  0]LogConfig: Applying CVar settings from Section [FoliageQuality@3] File [C:/Users/shero/Repositories/ReadApp/Saved/Config/Windows/Scalability.ini]
[2021.11.16-08.39.52:976][  0]LogConfig: Setting CVar [[foliage.DensityScale:1.0]]
[2021.11.16-08.39.52:976][  0]LogConfig: Setting CVar [[grass.DensityScale:1.0]]
[2021.11.16-08.39.52:976][  0]LogConfig: Applying CVar settings from Section [ShadingQuality@3] File [C:/Users/shero/Repositories/ReadApp/Saved/Config/Windows/Scalability.ini]
[2021.11.16-08.39.52:976][  0]LogConfig: Setting CVar [[r.HairStrands.SkyLighting.IntegrationType:2]]
[2021.11.16-08.39.52:976][  0]LogConfig: Setting CVar [[r.HairStrands.SkyAO.SampleCount:4]]
[2021.11.16-08.39.52:976][  0]LogConfig: Setting CVar [[r.HairStrands.Visibility.MSAA.SamplePerPixel:4]]
[2021.11.16-08.39.52:976][  0]LogConfig: Applying CVar settings from Section [Startup] File [../../../Engine/Config/ConsoleVariables.ini]
[2021.11.16-08.39.52:977][  0]LogConfig: Setting CVar [[net.UseAdaptiveNetUpdateFrequency:0]]
[2021.11.16-08.39.52:977][  0]LogConfig: Setting CVar [[p.chaos.AllowCreatePhysxBodies:1]]
[2021.11.16-08.39.52:977][  0]LogConfig: Setting CVar [[fx.SkipVectorVMBackendOptimizations:1]]
[2021.11.16-08.39.52:977][  0]LogConfig: Applying CVar settings from Section [ConsoleVariables] File [C:/Users/shero/Repositories/ReadApp/Saved/Config/Windows/Engine.ini]
[2021.11.16-08.39.52:977][  0]LogConfig: Applying CVar settings from Section [ConsoleVariables] File [C:/Users/shero/Repositories/ReadApp/Saved/Config/Windows/Editor.ini]
[2021.11.16-08.39.52:977][  0]LogInit: Computer: SHERO
[2021.11.16-08.39.52:977][  0]LogInit: User: shero
[2021.11.16-08.39.52:977][  0]LogInit: CPU Page size=4096, Cores=8
[2021.11.16-08.39.52:977][  0]LogInit: High frequency timer resolution =10.000000 MHz
[2021.11.16-08.39.52:977][  0]LogMemory: Memory total: Physical=31.9GB (32GB approx)
[2021.11.16-08.39.52:977][  0]LogMemory: Platform Memory Stats for Windows
[2021.11.16-08.39.52:977][  0]LogMemory: Process Physical Memory: 148.57 MB used, 148.58 MB peak
[2021.11.16-08.39.52:977][  0]LogMemory: Process Virtual Memory: 127.21 MB used, 127.21 MB peak
[2021.11.16-08.39.52:977][  0]LogMemory: Physical Memory: 9120.72 MB used,  23569.13 MB free, 32689.85 MB total
[2021.11.16-08.39.52:977][  0]LogMemory: Virtual Memory: 134194984.00 MB used,  22742.80 MB free, 134217728.00 MB total
[2021.11.16-08.39.52:982][  0]LogWindows: WindowsPlatformFeatures enabled
[2021.11.16-08.39.53:072][  0]LogInit: Physics initialised using underlying interface: PhysX
[2021.11.16-08.39.53:073][  0]LogInit: Using OS detected language (de-DE).
[2021.11.16-08.39.53:073][  0]LogInit: Using OS detected locale (de-DE).
[2021.11.16-08.39.53:078][  0]LogTextLocalizationManager: No specific localization for 'de-DE' exists, so the 'de' localization will be used.
[2021.11.16-08.39.53:078][  0]LogTextLocalizationResource: LocRes '../../../Engine/Content/Localization/Editor/de/Editor.locres' could not be opened for reading!
[2021.11.16-08.39.53:078][  0]LogTextLocalizationResource: LocRes '../../../Engine/Content/Localization/EditorTutorials/de/EditorTutorials.locres' could not be opened for reading!
[2021.11.16-08.39.53:078][  0]LogTextLocalizationResource: LocRes '../../../Engine/Content/Localization/Keywords/de/Keywords.locres' could not be opened for reading!
[2021.11.16-08.39.53:078][  0]LogTextLocalizationResource: LocRes '../../../Engine/Content/Localization/Category/de/Category.locres' could not be opened for reading!
[2021.11.16-08.39.53:078][  0]LogTextLocalizationResource: LocRes '../../../Engine/Content/Localization/ToolTips/de/ToolTips.locres' could not be opened for reading!
[2021.11.16-08.39.53:078][  0]LogTextLocalizationResource: LocRes '../../../Engine/Content/Localization/PropertyNames/de/PropertyNames.locres' could not be opened for reading!
[2021.11.16-08.39.53:078][  0]LogTextLocalizationResource: LocRes '../../../Engine/Content/Localization/Engine/de/Engine.locres' could not be opened for reading!
[2021.11.16-08.39.53:107][  0]LogWindowsTextInputMethodSystem: Display: IME system deactivated.
[2021.11.16-08.39.53:131][  0]LogSlate: New Slate User Created.  User Index 0, Is Virtual User: 0
[2021.11.16-08.39.53:131][  0]LogSlate: Slate User Registered.  User Index 0, Is Virtual User: 0
[2021.11.16-08.39.54:664][  0]LogD3D11RHI: Loaded GFSDK_Aftermath_Lib.x64.dll
[2021.11.16-08.39.54:666][  0]LogHMD: Failed to initialize OpenVR with code 110
[2021.11.16-08.39.54:666][  0]LogD3D11RHI: D3D11 min allowed feature level: 11_0
[2021.11.16-08.39.54:666][  0]LogD3D11RHI: D3D11 max allowed feature level: 11_0
[2021.11.16-08.39.54:666][  0]LogD3D11RHI: D3D11 adapters:
[2021.11.16-08.39.54:735][  0]LogD3D11RHI:    0. 'NVIDIA GeForce GTX 1050 Ti' (Feature Level 11_0)
[2021.11.16-08.39.54:735][  0]LogD3D11RHI:       4018/0/16344 MB DedicatedVideo/DedicatedSystem/SharedSystem, Outputs:2, VendorId:0x10de
[2021.11.16-08.39.54:736][  0]LogD3D11RHI:    1. 'Microsoft Basic Render Driver' (Feature Level 11_0)
[2021.11.16-08.39.54:736][  0]LogD3D11RHI:       0/0/16344 MB DedicatedVideo/DedicatedSystem/SharedSystem, Outputs:0, VendorId:0x1414
[2021.11.16-08.39.54:736][  0]LogD3D11RHI: Chosen D3D11 Adapter:
[2021.11.16-08.39.54:736][  0]LogD3D11RHI:     Description : NVIDIA GeForce GTX 1050 Ti
[2021.11.16-08.39.54:736][  0]LogD3D11RHI:     VendorId    : 10de
[2021.11.16-08.39.54:736][  0]LogD3D11RHI:     DeviceId    : 1c82
[2021.11.16-08.39.54:736][  0]LogD3D11RHI:     SubSysId    : 33511462
[2021.11.16-08.39.54:736][  0]LogD3D11RHI:     Revision    : 00a1
[2021.11.16-08.39.54:736][  0]LogD3D11RHI:     DedicatedVideoMemory : 4213178368 bytes
[2021.11.16-08.39.54:736][  0]LogD3D11RHI:     DedicatedSystemMemory : 0 bytes
[2021.11.16-08.39.54:736][  0]LogD3D11RHI:     SharedSystemMemory : 17138896896 bytes
[2021.11.16-08.39.54:736][  0]LogD3D11RHI:     AdapterLuid : 0 61176
[2021.11.16-08.39.54:745][  0]LogD3D11RHI: Creating new Direct3DDevice
[2021.11.16-08.39.54:745][  0]LogD3D11RHI:     GPU DeviceId: 0x1c82 (for the marketing name, search the web for "GPU Device Id")
[2021.11.16-08.39.54:745][  0]LogWindows: EnumDisplayDevices:
[2021.11.16-08.39.54:745][  0]LogWindows:    0. 'NVIDIA GeForce GTX 1050 Ti' (P:0 D:1)
[2021.11.16-08.39.54:745][  0]LogWindows:    1. 'NVIDIA GeForce GTX 1050 Ti' (P:1 D:1)
[2021.11.16-08.39.54:746][  0]LogWindows:    2. 'NVIDIA GeForce GTX 1050 Ti' (P:0 D:0)
[2021.11.16-08.39.54:746][  0]LogWindows:    3. 'NVIDIA GeForce GTX 1050 Ti' (P:0 D:0)
[2021.11.16-08.39.54:746][  0]LogWindows: DebugString: FoundDriverCount:4 
[2021.11.16-08.39.54:746][  0]LogD3D11RHI:     Adapter Name: NVIDIA GeForce GTX 1050 Ti
[2021.11.16-08.39.54:746][  0]LogD3D11RHI:   Driver Version: 471.41 (internal:30.0.14.7141, unified:471.41)
[2021.11.16-08.39.54:746][  0]LogD3D11RHI:      Driver Date: 7-12-2021
[2021.11.16-08.39.54:746][  0]LogRHI: Texture pool is 2812 MB (70% of 4018 MB)
[2021.11.16-08.39.54:746][  0]LogD3D11RHI: Creating D3DDevice using adapter:
[2021.11.16-08.39.54:746][  0]LogD3D11RHI:     Description : NVIDIA GeForce GTX 1050 Ti
[2021.11.16-08.39.54:746][  0]LogD3D11RHI:     VendorId    : 10de
[2021.11.16-08.39.54:746][  0]LogD3D11RHI:     DeviceId    : 1c82
[2021.11.16-08.39.54:746][  0]LogD3D11RHI:     SubSysId    : 33511462
[2021.11.16-08.39.54:746][  0]LogD3D11RHI:     Revision    : 00a1
[2021.11.16-08.39.54:746][  0]LogD3D11RHI:     DedicatedVideoMemory : 4213178368 bytes
[2021.11.16-08.39.54:746][  0]LogD3D11RHI:     DedicatedSystemMemory : 0 bytes
[2021.11.16-08.39.54:746][  0]LogD3D11RHI:     SharedSystemMemory : 17138896896 bytes
[2021.11.16-08.39.54:746][  0]LogD3D11RHI:     AdapterLuid : 0 61176
[2021.11.16-08.39.54:801][  0]LogD3D11RHI: RHI has support for 64 bit atomics
[2021.11.16-08.39.54:801][  0]LogD3D11RHI: Async texture creation enabled
[2021.11.16-08.39.54:801][  0]LogD3D11RHI: Array index from any shader is supported
[2021.11.16-08.39.54:802][  0]LogD3D11RHI: HDR output is supported on display 0 (NvId: 0x80061081).
[2021.11.16-08.39.54:815][  0]LogD3D11RHI: GPU Timing Frequency: 1000.000000 (Debug: 2 1)
[2021.11.16-08.39.54:833][  0]LogRHI: GeForceNow SDK initialized: 1
[2021.11.16-08.39.55:054][  0]LogTargetPlatformManager: Display: Loaded TargetPlatform 'AllDesktop'
[2021.11.16-08.39.55:072][  0]LogTargetPlatformManager: Display: Loaded TargetPlatform 'Android'
[2021.11.16-08.39.55:072][  0]LogTargetPlatformManager: Display: Loaded TargetPlatform 'Android_ASTC'
[2021.11.16-08.39.55:072][  0]LogTargetPlatformManager: Display: Loaded TargetPlatform 'Android_DXT'
[2021.11.16-08.39.55:072][  0]LogTargetPlatformManager: Display: Loaded TargetPlatform 'Android_ETC2'
[2021.11.16-08.39.55:072][  0]LogTargetPlatformManager: Display: Loaded TargetPlatform 'AndroidClient'
[2021.11.16-08.39.55:072][  0]LogTargetPlatformManager: Display: Loaded TargetPlatform 'Android_ASTCClient'
[2021.11.16-08.39.55:072][  0]LogTargetPlatformManager: Display: Loaded TargetPlatform 'Android_DXTClient'
[2021.11.16-08.39.55:072][  0]LogTargetPlatformManager: Display: Loaded TargetPlatform 'Android_ETC2Client'
[2021.11.16-08.39.55:072][  0]LogTargetPlatformManager: Display: Loaded TargetPlatform 'Android_Multi'
[2021.11.16-08.39.55:072][  0]LogTargetPlatformManager: Display: Loaded TargetPlatform 'Android_MultiClient'
[2021.11.16-08.39.55:086][  0]LogTargetPlatformManager: Display: Loaded TargetPlatform 'IOSClient'
[2021.11.16-08.39.55:086][  0]LogTargetPlatformManager: Display: Loaded TargetPlatform 'IOS'
[2021.11.16-08.39.55:094][  0]LogTargetPlatformManager: Display: Loaded TargetPlatform 'Linux'
[2021.11.16-08.39.55:098][  0]LogTargetPlatformManager: Display: Loaded TargetPlatform 'LinuxNoEditor'
[2021.11.16-08.39.55:102][  0]LogTargetPlatformManager: Display: Loaded TargetPlatform 'LinuxClient'
[2021.11.16-08.39.55:105][  0]LogTargetPlatformManager: Display: Loaded TargetPlatform 'LinuxServer'
[2021.11.16-08.39.55:114][  0]LogTargetPlatformManager: Display: Loaded TargetPlatform 'LinuxAArch64NoEditor'
[2021.11.16-08.39.55:117][  0]LogTargetPlatformManager: Display: Loaded TargetPlatform 'LinuxAArch64Client'
[2021.11.16-08.39.55:121][  0]LogTargetPlatformManager: Display: Loaded TargetPlatform 'LinuxAArch64Server'
[2021.11.16-08.39.55:140][  0]LogTargetPlatformManager: Display: Loaded TargetPlatform 'Lumin'
[2021.11.16-08.39.55:140][  0]LogTargetPlatformManager: Display: Loaded TargetPlatform 'LuminClient'
[2021.11.16-08.39.55:147][  0]LogTargetPlatformManager: Display: Loaded TargetPlatform 'MacNoEditor'
[2021.11.16-08.39.55:150][  0]LogTargetPlatformManager: Display: Loaded TargetPlatform 'Mac'
[2021.11.16-08.39.55:154][  0]LogTargetPlatformManager: Display: Loaded TargetPlatform 'MacClient'
[2021.11.16-08.39.55:157][  0]LogTargetPlatformManager: Display: Loaded TargetPlatform 'MacServer'
[2021.11.16-08.39.55:165][  0]LogTargetPlatformManager: Display: Loaded TargetPlatform 'TVOSClient'
[2021.11.16-08.39.55:165][  0]LogTargetPlatformManager: Display: Loaded TargetPlatform 'TVOS'
[2021.11.16-08.39.55:172][  0]LogTargetPlatformManager: Display: Loaded TargetPlatform 'WindowsNoEditor'
[2021.11.16-08.39.55:176][  0]LogTargetPlatformManager: Display: Loaded TargetPlatform 'Windows'
[2021.11.16-08.39.55:179][  0]LogTargetPlatformManager: Display: Loaded TargetPlatform 'WindowsClient'
[2021.11.16-08.39.55:183][  0]LogTargetPlatformManager: Display: Loaded TargetPlatform 'WindowsServer'
[2021.11.16-08.39.55:183][  0]LogTargetPlatformManager: Display: Building Assets For Windows
[2021.11.16-08.39.55:214][  0]LogAudioDebug: Display: Lib vorbis DLL was dynamically loaded.
[2021.11.16-08.39.55:254][  0]LogTextureFormatOodle: Display: Oodle Texture 2.9.0 init RDO Off
[2021.11.16-08.39.55:296][  0]LogRendererCore: Ray tracing is disabled. Reason: r.RayTracing=0.
[2021.11.16-08.39.55:296][  0]LogShaderCompilers: Guid format shader working directory is -5 characters bigger than the processId version (../../../../../../Users/shero/Repositories/ReadApp/Intermediate/Shaders/WorkingDirectory/60744/).
[2021.11.16-08.39.55:296][  0]LogShaderCompilers: Cleaned the shader compiler working directory 'C:/Users/shero/AppData/Local/Temp/UnrealShaderWorkingDir/3F59B1BA4C94CDDD5873C1BD60DD0F36/'.
[2021.11.16-08.39.55:296][  0]LogXGEController: Cannot use XGE Controller as Incredibuild is not installed on this machine.
[2021.11.16-08.39.55:296][  0]LogShaderCompilers: Cannot use XGE Shader Compiler as Incredibuild is not installed on this machine.
[2021.11.16-08.39.55:296][  0]LogShaderCompilers: Display: Using Local Shader Compiler.
[2021.11.16-08.39.57:200][  0]LogDerivedDataCache: Display: Max Cache Size: 512 MB
[2021.11.16-08.39.57:242][  0]LogDerivedDataCache: Loaded boot cache 0.04s 94MB C:/Users/shero/AppData/Local/UnrealEngine/4.27/DerivedDataCache/Boot.ddc.
[2021.11.16-08.39.57:242][  0]LogDerivedDataCache: Display: Loaded Boot cache: C:/Users/shero/AppData/Local/UnrealEngine/4.27/DerivedDataCache/Boot.ddc
[2021.11.16-08.39.57:242][  0]LogDerivedDataCache: FDerivedDataBackendGraph:  Pak pak cache file ../../../../../../Users/shero/Repositories/ReadApp/DerivedDataCache/DDC.ddp not found, will not use a pak cache.
[2021.11.16-08.39.57:242][  0]LogDerivedDataCache: Unable to find inner node Pak for hierarchical cache Hierarchy.
[2021.11.16-08.39.57:242][  0]LogDerivedDataCache: FDerivedDataBackendGraph:  CompressedPak pak cache file ../../../../../../Users/shero/Repositories/ReadApp/DerivedDataCache/Compressed.ddp not found, will not use a pak cache.
[2021.11.16-08.39.57:242][  0]LogDerivedDataCache: Unable to find inner node CompressedPak for hierarchical cache Hierarchy.
[2021.11.16-08.39.57:261][  0]LogDerivedDataCache: Display: Pak cache opened for reading ../../../Engine/DerivedDataCache/Compressed.ddp.
[2021.11.16-08.39.57:261][  0]LogDerivedDataCache: FDerivedDataBackendGraph:  EnterprisePak pak cache file ../../../Enterprise/DerivedDataCache/Compressed.ddp not found, will not use a pak cache.
[2021.11.16-08.39.57:261][  0]LogDerivedDataCache: Unable to find inner node EnterprisePak for hierarchical cache Hierarchy.
[2021.11.16-08.39.57:267][  0]LogDerivedDataCache: Speed tests for C:/Users/shero/AppData/Local/UnrealEngine/Common/DerivedDataCache took 0.01 seconds
[2021.11.16-08.39.57:267][  0]LogDerivedDataCache: Display: Performance to C:/Users/shero/AppData/Local/UnrealEngine/Common/DerivedDataCache: Latency=0.02ms. RandomReadSpeed=489.85MBs, RandomWriteSpeed=246.27MBs. Assigned SpeedClass 'Local'
[2021.11.16-08.39.57:267][  0]LogDerivedDataCache: Using Local data cache path C:/Users/shero/AppData/Local/UnrealEngine/Common/DerivedDataCache: Writable
[2021.11.16-08.39.57:267][  0]LogDerivedDataCache: Shared data cache path not found in *engine.ini, will not use an Shared cache.
[2021.11.16-08.39.57:267][  0]LogDerivedDataCache: Unable to find inner node Shared for hierarchical cache Hierarchy.
[2021.11.16-08.39.57:301][  0]LogSlate: Using FreeType 2.10.0
[2021.11.16-08.39.57:309][  0]LogSlate: SlateFontServices - WITH_FREETYPE: 1, WITH_HARFBUZZ: 1
[2021.11.16-08.39.57:327][  0]LogAssetRegistry: FAssetRegistry took 0.0024 seconds to start up
[2021.11.16-08.39.57:507][  0]LogInit: Selected Device Profile: [Windows]
[2021.11.16-08.39.57:507][  0]LogInit: Active device profile: [000001C36880AE00][000001C3647BEA40 49] Windows
[2021.11.16-08.39.57:507][  0]LogInit: Profiles: [000001C36880AE00][000001C3647BEA40 49] Windows, [000001C3695FDA00][000001C3647C6BC0 49] WindowsNoEditor, [000001C36880A100][000001C3647CAD40 49] WindowsServer, [000001C3695FE600][000001C3647D2EC0 49] WindowsClient, [000001C36880B600][000001C3647DB040 49] IOS, [000001C3695FCB00][000001C3686AF1C0 49] iPadAir, [000001C368808200][000001C3686B3340 49] iPadAir2, [000001C36940CF00][000001C3686BF600 49] IPadPro, [000001C36940D000][000001C3686B7640 49] iPadAir3, [000001C3695FF500][000001C369BDB7C0 49] iPadAir4, [000001C36940DC00][000001C369BE9940 49] iPadMini2, [000001C3695FD900][000001C369BEDAC0 49] iPadMini3, [000001C36940F700][000001C3647500C0 49] iPadMini4, [000001C3695FF000][000001C364E6C240 49] iPadMini5, [000001C369438700][000001C364E74500 49] iPhone6, [000001C369438800][000001C364E70540 49] iPodTouch6, [000001C368809600][000001C364E78780 49] iPhone7, [000001C368809900][000001C3647C27C0 49] iPodTouch7, [000001C369438100][000001C364754900 49] iPhone5S, [000001C36940C400][000001C36475CA80 49] iPhone6Plus, [000001C36943B900][000001C364760C00 49] iPhone6S, [000001C36940D100][000001C367094D80 49] iPhone6SPlus, [000001C36943A200][000001C367098F00 49] iPhone7Plus, [000001C36940C500][000001C36709D080 49] iPhoneSE, [000001C36943B800][000001C3670A1200 49] iPhone8, [000001C36940EC00][000001C3670A5380 49] iPhone8Plus, [000001C36880AA00][000001C3670A9500 49] iPhoneX, [000001C36940DA00][000001C3699C7680 49] iPhoneXS, [000001C36880A000][000001C3699D7800 49] iPhoneXSMax, [000001C36940F800][000001C369A09980 49] iPhoneXR, [000001C368808800][000001C369A11B00 49] iPhone11, [000001C36940FA00][000001C369A14100 49] iPhone11Pro, [000001C368808300][000001C369A5C280 49] iPhone11ProMax, [000001C36940FD00][000001C369A60400 49] iPhoneSE2, [000001C36880B800][000001C369A6E580 49] iPhone12Mini, [000001C36940EB00][000001C369A72700 49] iPhone12, [000001C36880B300][000001C364758840 49] iPhone12Pro, [000001C36940C200][000001C369A76980 49] iPhone12ProMax, [000001C36880AD00][000001C369A7AAC0 49] iPadPro105, [000001C36940C900][000001C369A82C40 49] iPadPro129, [000001C368809D00][000001C369A86DC0 49] iPadPro97, [000001C36940DE00][000001C369A8AF80 49] iPadPro2_129, [000001C368809F00][000001C369A8F100 49] iPad5, [000001C36940F500][000001C369A93280 49] iPad6, [000001C368809500][000001C369A97400 49] iPad7, [000001C36940F400][000001C369AAF580 49] iPad8, [000001C36880B700][000001C364E59700 49] iPadPro11, [000001C36940DD00][000001C364E5D880 49] iPadPro2_11, [000001C368809B00][000001C364E61A00 49] iPadPro3_129, [000001C36940FE00][000001C364E65B80 49] iPadPro4_129, [000001C36880BB00][000001C364E68180 49] AppleTV, [000001C36940C300][000001C369AB2300 49] AppleTV4K, [000001C368808E00][000001C369ABA480 49] TVOS, [000001C36940EE00][000001C369ABE600 49] Mac, [000001C36880BC00][000001C369AC2780 49] MacClient, [000001C36940D900][000001C369AC6900 49] MacNoEditor, [000001C368809100][000001C369A7EA40 49] MacServer, [000001C36940D700][000001C36985CB80 49] Linux, [000001C36880B900][000001C369860CC0 49] LinuxAArch64, [000001C36940FB00][000001C369868E40 49] LinuxNoEditor, [000001C36880A300][000001C36986CFC0 49] LinuxAArch64NoEditor, [000001C36940CD00][000001C369871140 49] LinuxClient, [000001C368809000][000001C3698752C0 49] LinuxAArch64Client, [000001C36940C600][000001C369879440 49] LinuxServer, [000001C368809A00][000001C36987D5C0 49] LinuxAArch64Server, [000001C36940DF00][000001C369ACB740 49] Android, [000001C36880A500][000001C369AB78C0 49] Android_Low, [000001C36940ED00][000001C3698FDA40 49] Android_Mid, [000001C36880B100][000001C369901BC0 49] Android_High, [000001C36940F100][000001C3699041C0 49] Android_Default, [000001C368809800][000001C369908340 49] Android_Adreno4xx, [000001C36940F200][000001C36990C4C0 49] Android_Adreno5xx_Low, [000001C3695FCD00][000001C369910640 49] Android_Adreno5xx, [000001C369439D00][000001C3699147C0 49] Android_Adreno6xx, [000001C3695FF400][000001C3686BA940 49] Android_Adreno6xx_Vulkan, [000001C369439200][000001C369BC6AC0 49] Android_Mali_T6xx, [000001C3695FDE00][000001C369864C00 49] Android_Mali_T7xx, [000001C369439500][000001C369918D40 49] Android_Mali_T8xx, [000001C3695FCF00][000001C36991CE80 49] Android_Mali_G71, [000001C36943A600][000001C369920FC0 49] Android_Mali_G72, [000001C3695FD300][000001C369FF1140 49] Android_Mali_G72_Vulkan, [000001C36943AC00][000001C369FF52C0 49] Android_Mali_G76, [000001C3695FF200][000001C369FF9440 49] Android_Mali_G76_Vulkan, [000001C369438E00][000001C369FFD5C0 49] Android_Mali_G77, [000001C3695FCE00][000001C36A001740 49] Android_Mali_G77_Vulkan, [000001C369439C00][000001C36A0058C0 49] Android_Mali_G78, [000001C3695FE500][000001C36A009A40 49] Android_Mali_G78_Vulkan, [000001C36943B000][000001C36A00DBC0 49] Android_Mali_G710, [000001C3695FFD00][000001C36A0101C0 49] Android_Mali_G710_Vulkan, [000001C36943B600][000001C36A014340 49] Android_Vulkan_SM5, [000001C3695FE200][000001C36A0184C0 49] Android_PowerVR_G6xxx, [000001C36943B300][000001C36A01C640 49] Android_PowerVR_GT7xxx, [000001C3695FFE00][000001C36A0207C0 49] Android_PowerVR_GE8xxx, [000001C369438900][000001C36A024940 49] Android_PowerVR_GM9xxx, [000001C3695FF300][000001C36A028AC0 49] Android_PowerVR_GM9xxx_Vulkan, [000001C36943A700][000001C36A02CC40 49] Android_TegraK1, [000001C3695FDF00][000001C369924D80 49] Android_Unknown_Vulkan, [000001C369439800][000001C36988CEC0 49] Lumin, [000001C36940D200][000001C369891000 49] Lumin_Desktop, [000001C369439700][000001C369895140 49] HoloLens, 
[2021.11.16-08.39.57:651][  0]LogMeshReduction: Using QuadricMeshReduction for automatic static mesh reduction
[2021.11.16-08.39.57:651][  0]LogMeshReduction: Using SimplygonMeshReduction for automatic skeletal mesh reduction
[2021.11.16-08.39.57:651][  0]LogMeshReduction: Using ProxyLODMeshReduction for automatic mesh merging
[2021.11.16-08.39.57:651][  0]LogMeshReduction: No distributed automatic mesh merging module available
[2021.11.16-08.39.57:651][  0]LogMeshMerging: No distributed automatic mesh merging module available
[2021.11.16-08.39.57:680][  0]LogNetVersion: ReadApp 1.0.0, NetCL: 17155196, EngineNetVer: 17, GameNetVer: 0 (Checksum: 2436048545)
[2021.11.16-08.39.58:281][  0]LogTexture: Default maximum texture size for cubemaps generated from long-lat sources has been changed from 512 to unlimited. In order to preserve old behaiour for '/Engine/MapTemplates/Sky/DaylightAmbientCubemap.DaylightAmbientCubemap', its maximum texture size has been explicitly set to 512.
[2021.11.16-08.39.58:360][  0]LogHMD: PokeAHoleMaterial loaded successfully
[2021.11.16-08.39.58:365][  0]LogUObjectArray: 17178 objects as part of root set at end of initial load.
[2021.11.16-08.39.58:365][  0]LogUObjectAllocator: 4301856 out of 0 bytes used by permanent object pool.
[2021.11.16-08.39.58:365][  0]LogUObjectArray: CloseDisregardForGC: 0/0 objects in disregard for GC pool
[2021.11.16-08.39.58:713][  0]LogNiagaraDebuggerClient: Niagara Debugger Client Initialized | Session: CFA8016D478CB093F9BAF49BAF0297C8 | Instance: 8A8DFAA747DCFDA3F17F5EBC938AA225 (SHERO-60744).
[2021.11.16-08.39.58:823][  0]LogImageWrapper: Warning: PNG Warning: Duplicate iCCP chunk
[2021.11.16-08.39.58:823][  0]LogImageWrapper: Warning: PNG Warning: Duplicate iCCP chunk
[2021.11.16-08.39.58:823][  0]LogPython: Using Python 3.7.7
[2021.11.16-08.39.59:302][  0]LogUdpMessaging: Initializing bridge on interface 0.0.0.0:0 to multicast group 230.0.0.1:6666.
[2021.11.16-08.39.59:307][  0]LogTcpMessaging: Initializing TcpMessaging bridge
[2021.11.16-08.39.59:553][  0]SourceControl: Source control is disabled
[2021.11.16-08.39.59:553][  0]SourceControl: Source control is disabled
[2021.11.16-08.39.59:555][  0]SourceControl: Source control is disabled
[2021.11.16-08.39.59:565][  0]SourceControl: Source control is disabled
[2021.11.16-08.39.59:569][  0]SourceControl: Source control is disabled
[2021.11.16-08.39.59:576][  0]LogUProjectInfo: Found projects:
[2021.11.16-08.39.59:792][  0]LogOutputDevice: Warning: 

Script Stack (0 frames):

[2021.11.16-08.39.59:792][  0]LogWindows: Windows GetLastError: Der Vorgang wurde erfolgreich beendet. (0)
[2021.11.16-08.39.59:793][  0]LogWindows: Failed to preload 'C:/Users/shero/Repositories/ReadApp/Plugins/PDFImportPlugin/Binaries/Win64/UE4Editor-PDFPlugin.dll' (GetLastError=1114)
[2021.11.16-08.39.59:796][  0]LogWindows: Failed to load 'C:/Users/shero/Repositories/ReadApp/Plugins/PDFImportPlugin/Binaries/Win64/UE4Editor-PDFPluginEditor-0030.dll' (GetLastError=126)
[2021.11.16-08.39.59:796][  0]LogWindows:   Missing import: UE4Editor-PDFPlugin.dll
[2021.11.16-08.39.59:797][  0]LogWindows:   Looked in: ../../../Engine/Binaries/Win64
[2021.11.16-08.39.59:797][  0]LogWindows:   Looked in: ../../../../../../Users/shero/Repositories/ReadApp/Binaries/Win64
[2021.11.16-08.39.59:797][  0]LogWindows:   Looked in: C:\Users\shero\Repositories\ReadApp\Binaries\Win64
[2021.11.16-08.39.59:797][  0]LogWindows:   Looked in: C:\Program Files\Epic Games\UE_4.27\Engine\Plugins\MeshPainting\Binaries\Win64
[2021.11.16-08.39.59:797][  0]LogWindows:   Looked in: C:\Program Files\Epic Games\UE_4.27\Engine\Plugins\Experimental\GeometryProcessing\Binaries\Win64
[2021.11.16-08.39.59:797][  0]LogWindows:   Looked in: C:\Program Files\Epic Games\UE_4.27\Engine\Plugins\XGEController\Binaries\Win64
[2021.11.16-08.39.59:797][  0]LogWindows:   Looked in: C:\Program Files\Epic Games\UE_4.27\Engine\Plugins\2D\Paper2D\Binaries\Win64
[2021.11.16-08.39.59:797][  0]LogWindows:   Looked in: C:\Program Files\Epic Games\UE_4.27\Engine\Plugins\AI\AISupport\Binaries\Win64
[2021.11.16-08.39.59:797][  0]LogWindows:   Looked in: C:\Program Files\Epic Games\UE_4.27\Engine\Plugins\AI\EnvironmentQueryEditor\Binaries\Win64
[2021.11.16-08.39.59:797][  0]LogWindows:   Looked in: C:\Program Files\Epic Games\UE_4.27\Engine\Plugins\Cameras\GameplayCameras\Binaries\Win64
[2021.11.16-08.39.59:797][  0]LogWindows:   Looked in: C:\Program Files\Epic Games\UE_4.27\Engine\Plugins\MovieScene\TemplateSequence\Binaries\Win64
[2021.11.16-08.39.59:797][  0]LogWindows:   Looked in: C:\Program Files\Epic Games\UE_4.27\Engine\Plugins\MovieScene\LevelSequenceEditor\Binaries\Win64
[2021.11.16-08.39.59:797][  0]LogWindows:   Looked in: C:\Program Files\Epic Games\UE_4.27\Engine\Plugins\Blendables\LightPropagationVolume\Binaries\Win64
[2021.11.16-08.39.59:797][  0]LogWindows:   Looked in: C:\Program Files\Epic Games\UE_4.27\Engine\Plugins\Cameras\CameraShakePreviewer\Binaries\Win64
[2021.11.16-08.39.59:797][  0]LogWindows:   Looked in: C:\Program Files\Epic Games\UE_4.27\Engine\Plugins\Compression\OodleData\Binaries\Win64
[2021.11.16-08.39.59:797][  0]LogWindows:   Looked in: C:\Program Files\Epic Games\UE_4.27\Engine\Plugins\Compression\OodleNetwork\Binaries\Win64
[2021.11.16-08.39.59:797][  0]LogWindows:   Looked in: C:\Program Files\Epic Games\UE_4.27\Engine\Plugins\Enterprise\DatasmithContent\Binaries\Win64
[2021.11.16-08.39.59:797][  0]LogWindows:   Looked in: C:\Program Files\Epic Games\UE_4.27\Engine\Plugins\Enterprise\VariantManagerContent\Binaries\Win64
[2021.11.16-08.39.59:797][  0]LogWindows:   Looked in: C:\Program Files\Epic Games\UE_4.27\Engine\Plugins\Editor\AssetManagerEditor\Binaries\Win64
[2021.11.16-08.39.59:797][  0]LogWindows:   Looked in: C:\Program Files\Epic Games\UE_4.27\Engine\Plugins\Editor\DataValidation\Binaries\Win64
[2021.11.16-08.39.59:797][  0]LogWindows:   Looked in: C:\Program Files\Epic Games\UE_4.27\Engine\Plugins\Editor\CurveEditorTools\Binaries\Win64
[2021.11.16-08.39.59:797][  0]LogWindows:   Looked in: C:\Program Files\Epic Games\UE_4.27\Engine\Plugins\Editor\GameplayTagsEditor\Binaries\Win64
[2021.11.16-08.39.59:797][  0]LogWindows:   Looked in: C:\Program Files\Epic Games\UE_4.27\Engine\Plugins\Editor\GeometryMode\Binaries\Win64
[2021.11.16-08.39.59:797][  0]LogWindows:   Looked in: C:\Program Files\Epic Games\UE_4.27\Engine\Plugins\Editor\CryptoKeys\Binaries\Win64
[2021.11.16-08.39.59:797][  0]LogWindows:   Looked in: C:\Program Files\Epic Games\UE_4.27\Engine\Plugins\Editor\FacialAnimation\Binaries\Win64
[2021.11.16-08.39.59:797][  0]LogWindows:   Looked in: C:\Program Files\Epic Games\UE_4.27\Engine\Plugins\Editor\MacGraphicsSwitching\Binaries\Win64
[2021.11.16-08.39.59:797][  0]LogWindows:   Looked in: C:\Program Files\Epic Games\UE_4.27\Engine\Plugins\Editor\MobileLauncherProfileWizard\Binaries\Win64
[2021.11.16-08.39.59:797][  0]LogWindows:   Looked in: C:\Program Files\Epic Games\UE_4.27\Engine\Plugins\Editor\PluginBrowser\Binaries\Win64
[2021.11.16-08.39.59:797][  0]LogWindows:   Looked in: C:\Program Files\Epic Games\UE_4.27\Engine\Plugins\Developer\PluginUtils\Binaries\Win64
[2021.11.16-08.39.59:797][  0]LogWindows:   Looked in: C:\Program Files\Epic Games\UE_4.27\Engine\Plugins\Editor\SpeedTreeImporter\Binaries\Win64
[2021.11.16-08.39.59:797][  0]LogWindows:   Looked in: C:\Program Files\Epic Games\UE_4.27\Engine\Plugins\Developer\AnimationSharing\Binaries\Win64
[2021.11.16-08.39.59:797][  0]LogWindows:   Looked in: C:\Program Files\Epic Games\UE_4.27\Engine\Plugins\Runtime\SignificanceManager\Binaries\Win64
[2021.11.16-08.39.59:797][  0]LogWindows:   Looked in: C:\Program Files\Epic Games\UE_4.27\Engine\Plugins\Developer\CodeLiteSourceCodeAccess\Binaries\Win64
[2021.11.16-08.39.59:797][  0]LogWindows:   Looked in: C:\Program Files\Epic Games\UE_4.27\Engine\Plugins\Developer\CLionSourceCodeAccess\Binaries\Win64
[2021.11.16-08.39.59:797][  0]LogWindows:   Looked in: C:\Program Files\Epic Games\UE_4.27\Engine\Plugins\Developer\GitSourceControl\Binaries\Win64
[2021.11.16-08.39.59:797][  0]LogWindows:   Looked in: C:\Program Files\Epic Games\UE_4.27\Engine\Plugins\Developer\KDevelopSourceCodeAccess\Binaries\Win64
[2021.11.16-08.39.59:797][  0]LogWindows:   Looked in: C:\Program Files\Epic Games\UE_4.27\Engine\Plugins\Developer\NullSourceCodeAccess\Binaries\Win64
[2021.11.16-08.39.59:797][  0]LogWindows:   Looked in: C:\Program Files\Epic Games\UE_4.27\Engine\Plugins\Developer\PerforceSourceControl\Binaries\Win64
[2021.11.16-08.39.59:797][  0]LogWindows:   Looked in: C:\Program Files\Epic Games\UE_4.27\Engine\Plugins\Developer\PixWinPlugin\Binaries\Win64
[2021.11.16-08.39.59:797][  0]LogWindows:   Looked in: C:\Program Files\Epic Games\UE_4.27\Engine\Plugins\Developer\TextureFormatOodle\Binaries\Win64
[2021.11.16-08.39.59:797][  0]LogWindows:   Looked in: C:\Program Files\Epic Games\UE_4.27\Engine\Plugins\Developer\RiderSourceCodeAccess\Binaries\Win64
[2021.11.16-08.39.59:797][  0]LogWindows:   Looked in: C:\Program Files\Epic Games\UE_4.27\Engine\Plugins\Developer\SubversionSourceControl\Binaries\Win64
[2021.11.16-08.39.59:797][  0]LogWindows:   Looked in: C:\Program Files\Epic Games\UE_4.27\Engine\Plugins\Developer\PlasticSourceControl\Binaries\Win64
[2021.11.16-08.39.59:797][  0]LogWindows:   Looked in: C:\Program Files\Epic Games\UE_4.27\Engine\Plugins\Editor\MaterialAnalyzer\Binaries\Win64
[2021.11.16-08.39.59:797][  0]LogWindows:   Looked in: C:\Program Files\Epic Games\UE_4.27\Engine\Plugins\Developer\UObjectPlugin\Binaries\Win64
[2021.11.16-08.39.59:797][  0]LogWindows:   Looked in: C:\Program Files\Epic Games\UE_4.27\Engine\Plugins\Developer\VisualStudioSourceCodeAccess\Binaries\Win64
[2021.11.16-08.39.59:797][  0]LogWindows:   Looked in: C:\Program Files\Epic Games\UE_4.27\Engine\Plugins\Developer\VisualStudioCodeSourceCodeAccess\Binaries\Win64
[2021.11.16-08.39.59:797][  0]LogWindows:   Looked in: C:\Program Files\Epic Games\UE_4.27\Engine\Plugins\Developer\XCodeSourceCodeAccess\Binaries\Win64
[2021.11.16-08.39.59:797][  0]LogWindows:   Looked in: C:\Program Files\Epic Games\UE_4.27\Engine\Plugins\Lumin\LuminPlatformFeatures\Binaries\Win64
[2021.11.16-08.39.59:797][  0]LogWindows:   Looked in: C:\Program Files\Epic Games\UE_4.27\Engine\Plugins\Lumin\MLSDK\Binaries\Win64
[2021.11.16-08.39.59:797][  0]LogWindows:   Looked in: C:\Program Files\Epic Games\UE_4.27\Engine\Plugins\Experimental\AlembicImporter\Binaries\Win64
[2021.11.16-08.39.59:797][  0]LogWindows:   Looked in: C:\Program Files\Epic Games\UE_4.27\Engine\Plugins\Experimental\GeometryCache\Binaries\Win64
[2021.11.16-08.39.59:797][  0]LogWindows:   Looked in: C:\Program Files\Epic Games\UE_4.27\Engine\Plugins\Experimental\AutomationUtils\Binaries\Win64
[2021.11.16-08.39.59:797][  0]LogWindows:   Looked in: C:\Program Files\Epic Games\UE_4.27\Engine\Plugins\Tests\ScreenshotTools\Binaries\Win64
[2021.11.16-08.39.59:797][  0]LogWindows:   Looked in: C:\Program Files\Epic Games\UE_4.27\Engine\Plugins\Experimental\BackChannel\Binaries\Win64
[2021.11.16-08.39.59:797][  0]LogWindows:   Looked in: C:\Program Files\Epic Games\UE_4.27\Engine\Plugins\Experimental\ChaosCloth\Binaries\Win64
[2021.11.16-08.39.59:797][  0]LogWindows:   Looked in: C:\Program Files\Epic Games\UE_4.27\Engine\Plugins\Experimental\ChaosClothEditor\Binaries\Win64
[2021.11.16-08.39.59:797][  0]LogWindows:   Looked in: C:\Program Files\Epic Games\UE_4.27\Engine\Plugins\Experimental\ChaosEditor\Binaries\Win64
[2021.11.16-08.39.59:797][  0]LogWindows:   Looked in: C:\Program Files\Epic Games\UE_4.27\Engine\Plugins\Experimental\PlanarCutPlugin\Binaries\Win64
[2021.11.16-08.39.59:797][  0]LogWindows:   Looked in: C:\Program Files\Epic Games\UE_4.27\Engine\Plugins\Runtime\EditableMesh\Binaries\Win64
[2021.11.16-08.39.59:797][  0]LogWindows:   Looked in: C:\Program Files\Epic Games\UE_4.27\Engine\Plugins\Experimental\GeometryCollectionPlugin\Binaries\Win64
[2021.11.16-08.39.59:797][  0]LogWindows:   Looked in: C:\Program Files\Epic Games\UE_4.27\Engine\Plugins\Runtime\ProceduralMeshComponent\Binaries\Win64
[2021.11.16-08.39.59:797][  0]LogWindows:   Looked in: C:\Program Files\Epic Games\UE_4.27\Engine\Plugins\Experimental\ChaosSolverPlugin\Binaries\Win64
[2021.11.16-08.39.59:797][  0]LogWindows:   Looked in: C:\Program Files\Epic Games\UE_4.27\Engine\Plugins\Experimental\ChaosNiagara\Binaries\Win64
[2021.11.16-08.39.59:797][  0]LogWindows:   Looked in: C:\Program Files\Epic Games\UE_4.27\Engine\Plugins\FX\Niagara\Binaries\Win64
[2021.11.16-08.39.59:797][  0]LogWindows:   Looked in: C:\Program Files\Epic Games\UE_4.27\Engine\Plugins\Experimental\PythonScriptPlugin\Binaries\Win64
[2021.11.16-08.39.59:797][  0]LogWindows:   Looked in: C:\Program Files\Epic Games\UE_4.27\Engine\Plugins\Editor\ContentBrowser\ContentBrowserFileDataSource\Binaries\Win64
[2021.11.16-08.39.59:797][  0]LogWindows:   Looked in: C:\Program Files\Epic Games\UE_4.27\Engine\Plugins\Experimental\CharacterAI\Binaries\Win64
[2021.11.16-08.39.59:797][  0]LogWindows:   Looked in: C:\Program Files\Epic Games\UE_4.27\Engine\Plugins\Lumin\MagicLeapMedia\Binaries\Win64
[2021.11.16-08.39.59:797][  0]LogWindows:   Looked in: C:\Program Files\Epic Games\UE_4.27\Engine\Plugins\Lumin\MagicLeap\Binaries\Win64
[2021.11.16-08.39.59:797][  0]LogWindows:   Looked in: C:\Program Files\Epic Games\UE_4.27\Engine\Plugins\Lumin\MagicLeapPassableWorld\Binaries\Win64
[2021.11.16-08.39.59:797][  0]LogWindows:   Looked in: C:\Program Files\Epic Games\UE_4.27\Engine\Plugins\Lumin\MagicLeapLightEstimation\Binaries\Win64
[2021.11.16-08.39.59:797][  0]LogWindows:   Looked in: C:\Program Files\Epic Games\UE_4.27\Engine\Plugins\Developer\PropertyAccessNode\Binaries\Win64
[2021.11.16-08.39.59:797][  0]LogWindows:   Looked in: C:\Program Files\Epic Games\UE_4.27\Engine\Plugins\Runtime\PropertyAccess\Binaries\Win64
[2021.11.16-08.39.59:797][  0]LogWindows:   Looked in: C:\Users\shero\Repositories\ReadApp\Plugins\EasyFileDialog\Binaries\Win64
[2021.11.16-08.39.59:797][  0]LogWindows:   Looked in: C:\Users\shero\Repositories\ReadApp\Plugins\PDFImportPlugin\Binaries\Win64
[2021.11.16-08.39.59:797][  0]LogWindows:   Looked in: C:\Program Files\Epic Games\UE_4.27\Engine\Plugins\Experimental\MotoSynth\Binaries\Win64
[2021.11.16-08.39.59:797][  0]LogWindows:   Looked in: C:\Program Files\Epic Games\UE_4.27\Engine\Plugins\Experimental\OpenImageDenoise\Binaries\Win64
[2021.11.16-08.39.59:797][  0]LogWindows:   Looked in: C:\Program Files\Epic Games\UE_4.27\Engine\Plugins\Experimental\PlatformCrypto\Binaries\Win64
[2021.11.16-08.39.59:797][  0]LogWindows:   Looked in: C:\Program Files\Epic Games\UE_4.27\Engine\Plugins\Experimental\ProxyLODPlugin\Binaries\Win64
[2021.11.16-08.39.59:797][  0]LogWindows:   Looked in: C:\Program Files\Epic Games\UE_4.27\Engine\Plugins\Experimental\SkeletalReduction\Binaries\Win64
[2021.11.16-08.39.59:797][  0]LogWindows:   Looked in: C:\Program Files\Epic Games\UE_4.27\Engine\Plugins\Media\AndroidMedia\Binaries\Win64
[2021.11.16-08.39.59:797][  0]LogWindows:   Looked in: C:\Program Files\Epic Games\UE_4.27\Engine\Plugins\Media\AvfMedia\Binaries\Win64
[2021.11.16-08.39.59:797][  0]LogWindows:   Looked in: C:\Program Files\Epic Games\UE_4.27\Engine\Plugins\Media\ImgMedia\Binaries\Win64
[2021.11.16-08.39.59:797][  0]LogWindows:   Looked in: C:\Program Files\Epic Games\UE_4.27\Engine\Plugins\Media\MediaCompositing\Binaries\Win64
[2021.11.16-08.39.59:797][  0]LogWindows:   Looked in: C:\Program Files\Epic Games\UE_4.27\Engine\Plugins\Media\MediaPlayerEditor\Binaries\Win64
[2021.11.16-08.39.59:797][  0]LogWindows:   Looked in: C:\Program Files\Epic Games\UE_4.27\Engine\Plugins\Media\WmfMedia\Binaries\Win64
[2021.11.16-08.39.59:797][  0]LogWindows:   Looked in: C:\Program Files\Epic Games\UE_4.27\Engine\Plugins\Messaging\UdpMessaging\Binaries\Win64
[2021.11.16-08.39.59:797][  0]LogWindows:   Looked in: C:\Program Files\Epic Games\UE_4.27\Engine\Plugins\Messaging\TcpMessaging\Binaries\Win64
[2021.11.16-08.39.59:797][  0]LogWindows:   Looked in: C:\Program Files\Epic Games\UE_4.27\Engine\Plugins\MovieScene\ActorSequence\Binaries\Win64
[2021.11.16-08.39.59:797][  0]LogWindows:   Looked in: C:\Program Files\Epic Games\UE_4.27\Engine\Plugins\MovieScene\MatineeToLevelSequence\Binaries\Win64
[2021.11.16-08.39.59:797][  0]LogWindows:   Looked in: C:\Program Files\Epic Games\UE_4.27\Engine\Plugins\Online\OnlineSubsystem\Binaries\Win64
[2021.11.16-08.39.59:797][  0]LogWindows:   Looked in: C:\Program Files\Epic Games\UE_4.27\Engine\Plugins\Online\OnlineSubsystemNull\Binaries\Win64
[2021.11.16-08.39.59:797][  0]LogWindows:   Looked in: C:\Program Files\Epic Games\UE_4.27\Engine\Plugins\Online\OnlineSubsystemUtils\Binaries\Win64
[2021.11.16-08.39.59:797][  0]LogWindows:   Looked in: C:\Program Files\Epic Games\UE_4.27\Engine\Plugins\Portal\LauncherChunkInstaller\Binaries\Win64
[2021.11.16-08.39.59:797][  0]LogWindows:   Looked in: C:\Program Files\Epic Games\UE_4.27\Engine\Plugins\Runtime\ActorLayerUtilities\Binaries\Win64
[2021.11.16-08.39.59:797][  0]LogWindows:   Looked in: C:\Program Files\Epic Games\UE_4.27\Engine\Plugins\Runtime\AndroidDeviceProfileSelector\Binaries\Win64
[2021.11.16-08.39.59:797][  0]LogWindows:   Looked in: C:\Program Files\Epic Games\UE_4.27\Engine\Plugins\Runtime\AndroidMoviePlayer\Binaries\Win64
[2021.11.16-08.39.59:797][  0]LogWindows:   Looked in: C:\Program Files\Epic Games\UE_4.27\Engine\Plugins\Runtime\AndroidPermission\Binaries\Win64
[2021.11.16-08.39.59:797][  0]LogWindows:   Looked in: C:\Program Files\Epic Games\UE_4.27\Engine\Plugins\Runtime\AppleImageUtils\Binaries\Win64
[2021.11.16-08.39.59:797][  0]LogWindows:   Looked in: C:\Program Files\Epic Games\UE_4.27\Engine\Plugins\Runtime\ArchVisCharacter\Binaries\Win64
[2021.11.16-08.39.59:797][  0]LogWindows:   Looked in: C:\Program Files\Epic Games\UE_4.27\Engine\Plugins\Runtime\AppleMoviePlayer\Binaries\Win64
[2021.11.16-08.39.59:797][  0]LogWindows:   Looked in: C:\Program Files\Epic Games\UE_4.27\Engine\Plugins\Runtime\AssetTags\Binaries\Win64
[2021.11.16-08.39.59:797][  0]LogWindows:   Looked in: C:\Program Files\Epic Games\UE_4.27\Engine\Plugins\Runtime\AudioCapture\Binaries\Win64
[2021.11.16-08.39.59:797][  0]LogWindows:   Looked in: C:\Program Files\Epic Games\UE_4.27\Engine\Plugins\Runtime\CableComponent\Binaries\Win64
[2021.11.16-08.39.59:797][  0]LogWindows:   Looked in: C:\Program Files\Epic Games\UE_4.27\Engine\Plugins\Runtime\ChunkDownloader\Binaries\Win64
[2021.11.16-08.39.59:797][  0]LogWindows:   Looked in: C:\Program Files\Epic Games\UE_4.27\Engine\Plugins\Runtime\CustomMeshComponent\Binaries\Win64
[2021.11.16-08.39.59:797][  0]LogWindows:   Looked in: C:\Program Files\Epic Games\UE_4.27\Engine\Plugins\Runtime\ExampleDeviceProfileSelector\Binaries\Win64
[2021.11.16-08.39.59:797][  0]LogWindows:   Looked in: C:\Program Files\Epic Games\UE_4.27\Engine\Plugins\Runtime\GoogleCloudMessaging\Binaries\Win64
[2021.11.16-08.39.59:797][  0]LogWindows:   Looked in: C:\Program Files\Epic Games\UE_4.27\Engine\Plugins\Runtime\GooglePAD\Binaries\Win64
[2021.11.16-08.39.59:797][  0]LogWindows:   Looked in: C:\Program Files\Epic Games\UE_4.27\Engine\Plugins\Runtime\IOSDeviceProfileSelector\Binaries\Win64
[2021.11.16-08.39.59:797][  0]LogWindows:   Looked in: C:\Program Files\Epic Games\UE_4.27\Engine\Plugins\Runtime\LinuxDeviceProfileSelector\Binaries\Win64
[2021.11.16-08.39.59:797][  0]LogWindows:   Looked in: C:\Program Files\Epic Games\UE_4.27\Engine\Plugins\Runtime\LocationServicesBPLibrary\Binaries\Win64
[2021.11.16-08.39.59:797][  0]LogWindows:   Looked in: C:\Program Files\Epic Games\UE_4.27\Engine\Plugins\Runtime\MobilePatchingUtils\Binaries\Win64
[2021.11.16-08.39.59:797][  0]LogWindows:   Looked in: C:\Program Files\Epic Games\UE_4.27\Engine\Plugins\Runtime\OpenXREyeTracker\Binaries\Win64
[2021.11.16-08.39.59:797][  0]LogWindows:   Looked in: C:\Program Files\Epic Games\UE_4.27\Engine\Plugins\Runtime\OpenXR\Binaries\Win64
[2021.11.16-08.39.59:797][  0]LogWindows:   Looked in: C:\Program Files\Epic Games\UE_4.27\Engine\Plugins\Runtime\OpenXRHandTracking\Binaries\Win64
[2021.11.16-08.39.59:797][  0]LogWindows:   Looked in: C:\Program Files\Epic Games\UE_4.27\Engine\Plugins\Animation\LiveLink\Binaries\Win64
[2021.11.16-08.39.59:797][  0]LogWindows:   Looked in: C:\Program Files\Epic Games\UE_4.27\Engine\Plugins\VirtualProduction\Takes\Binaries\Win64
[2021.11.16-08.39.59:797][  0]LogWindows:   Looked in: C:\Program Files\Epic Games\UE_4.27\Engine\Plugins\Runtime\PostSplashScreen\Binaries\Win64
[2021.11.16-08.39.59:797][  0]LogWindows:   Looked in: C:\Program Files\Epic Games\UE_4.27\Engine\Plugins\Runtime\PhysXVehicles\Binaries\Win64
[2021.11.16-08.39.59:797][  0]LogWindows:   Looked in: C:\Program Files\Epic Games\UE_4.27\Engine\Plugins\Runtime\RuntimePhysXCooking\Binaries\Win64
[2021.11.16-08.39.59:797][  0]LogWindows:   Looked in: C:\Program Files\Epic Games\UE_4.27\Engine\Plugins\Runtime\SoundFields\Binaries\Win64
[2021.11.16-08.39.59:797][  0]LogWindows:   Looked in: C:\Program Files\Epic Games\UE_4.27\Engine\Plugins\Runtime\Synthesis\Binaries\Win64
[2021.11.16-08.39.59:797][  0]LogWindows:   Looked in: C:\Program Files\Epic Games\UE_4.27\Engine\Plugins\Runtime\AudioSynesthesia\Binaries\Win64
[2021.11.16-08.39.59:797][  0]LogWindows:   Looked in: C:\Program Files\Epic Games\UE_4.27\Engine\Plugins\Runtime\WebMMoviePlayer\Binaries\Win64
[2021.11.16-08.39.59:797][  0]LogWindows:   Looked in: C:\Program Files\Epic Games\UE_4.27\Engine\Plugins\Media\WebMMedia\Binaries\Win64
[2021.11.16-08.39.59:797][  0]LogWindows:   Looked in: C:\Program Files\Epic Games\UE_4.27\Engine\Plugins\Runtime\WindowsMoviePlayer\Binaries\Win64
[2021.11.16-08.39.59:797][  0]LogWindows:   Looked in: C:\Program Files\Epic Games\UE_4.27\Engine\Plugins\Editor\ContentBrowser\ContentBrowserAssetDataSource\Binaries\Win64
[2021.11.16-08.39.59:797][  0]LogWindows:   Looked in: C:\Program Files\Epic Games\UE_4.27\Engine\Plugins\Editor\ContentBrowser\ContentBrowserClassDataSource\Binaries\Win64
[2021.11.16-08.39.59:797][  0]LogWindows:   Looked in: C:\Program Files\Epic Games\UE_4.27\Engine\Plugins\Online\Android\OnlineSubsystemGooglePlay\Binaries\Win64
[2021.11.16-08.39.59:797][  0]LogWindows:   Looked in: C:\Program Files\Epic Games\UE_4.27\Engine\Plugins\Online\IOS\OnlineSubsystemIOS\Binaries\Win64
[2021.11.16-08.39.59:797][  0]LogWindows:   Looked in: C:\Program Files\Epic Games\UE_4.27\Engine\Plugins\Runtime\Oculus\OculusVR\Binaries\Win64
[2021.11.16-08.39.59:797][  0]LogWindows:   Looked in: C:\Program Files\Epic Games\UE_4.27\Engine\Plugins\Runtime\Steam\SteamVR\Binaries\Win64
[2021.11.16-08.39.59:797][  0]LogWindows:   Looked in: C:\Program Files\Epic Games\UE_4.27\Engine\Binaries\Win64\(Path="")\lib\win64
[2021.11.16-08.39.59:797][  0]LogWindows:   Looked in: C:\Program Files\Epic Games\UE_4.27\Engine\Binaries\Win64\Android
[2021.11.16-08.39.59:797][  0]LogWindows:   Looked in: C:\Program Files\Epic Games\UE_4.27\Engine\Binaries\Win64\IOS
[2021.11.16-08.39.59:797][  0]LogWindows:   Looked in: C:\Program Files\Epic Games\UE_4.27\Engine\Binaries\Win64\Linux
[2021.11.16-08.39.59:797][  0]LogWindows:   Looked in: C:\Program Files\Epic Games\UE_4.27\Engine\Binaries\Win64\Lumin
[2021.11.16-08.39.59:798][  0]LogModuleManager: Warning: ModuleManager: Unable to load module 'C:/Users/shero/Repositories/ReadApp/Plugins/PDFImportPlugin/Binaries/Win64/UE4Editor-PDFPluginEditor-0030.dll' because the file couldn't be loaded by the OS.
[2021.11.16-08.40.36:181][  0]Message dialog closed, result: Ok, title: Message, text: Plugin 'PDFPlugin' failed to load because module 'PDFPluginEditor' could not be loaded.  There may be an operating system error or the module may not be properly set up.
[2021.11.16-08.40.36:181][  0]LogCore: Engine exit requested (reason: EngineExit() was called)
[2021.11.16-08.40.36:182][  0]LogSlate: Slate User Destroyed.  User Index 0, Is Virtual User: 0
[2021.11.16-08.40.36:182][  0]LogExit: Preparing to exit.
[2021.11.16-08.40.36:326][  0]LogUObjectHash: Compacting FUObjectHashTables data took   0.63ms
[2021.11.16-08.40.37:437][  0]LogWindows: Error: === Critical error: ===
[2021.11.16-08.40.37:437][  0]LogWindows: Error: 
[2021.11.16-08.40.37:437][  0]LogWindows: Error: Assertion failed: GIsHotReload [File:D:/Build/++UE4/Sync/Engine/Source/Runtime/CoreUObject/Private/UObject/UObjectBase.cpp] [Line: 704] 
[2021.11.16-08.40.37:437][  0]LogWindows: Error: Trying to recreate class 'UPDFInfo' outside of hot reload!
[2021.11.16-08.40.37:437][  0]LogWindows: Error: 
[2021.11.16-08.40.37:437][  0]LogWindows: Error: 
[2021.11.16-08.40.37:437][  0]LogWindows: Error: Unhandled Exception: EXCEPTION_ACCESS_VIOLATION reading address 0x0000000000000037
[2021.11.16-08.40.37:437][  0]LogWindows: Error: 
[2021.11.16-08.40.37:437][  0]LogWindows: Error: [Callstack] 0x00007ffb93ff1c95 UE4Editor-CoreUObject.dll!UnknownFunction []
[2021.11.16-08.40.37:437][  0]LogWindows: Error: [Callstack] 0x00007ffb941de9e5 UE4Editor-CoreUObject.dll!UnknownFunction []
[2021.11.16-08.40.37:437][  0]LogWindows: Error: [Callstack] 0x00007ffb94049aa7 UE4Editor-CoreUObject.dll!UnknownFunction []
[2021.11.16-08.40.37:437][  0]LogWindows: Error: [Callstack] 0x00007ff725a188ed UE4Editor.exe!UnknownFunction []
[2021.11.16-08.40.37:437][  0]LogWindows: Error: [Callstack] 0x00007ff725a1823d UE4Editor.exe!UnknownFunction []
[2021.11.16-08.40.37:437][  0]LogWindows: Error: [Callstack] 0x00007ff725a2048a UE4Editor.exe!UnknownFunction []
[2021.11.16-08.40.37:437][  0]LogWindows: Error: [Callstack] 0x00007ff725a21053 UE4Editor.exe!UnknownFunction []
[2021.11.16-08.40.37:437][  0]LogWindows: Error: [Callstack] 0x00007ff725a210aa UE4Editor.exe!UnknownFunction []
[2021.11.16-08.40.37:437][  0]LogWindows: Error: [Callstack] 0x00007ff725a240cd UE4Editor.exe!UnknownFunction []
[2021.11.16-08.40.37:437][  0]LogWindows: Error: [Callstack] 0x00007ff725a35984 UE4Editor.exe!UnknownFunction []
[2021.11.16-08.40.37:437][  0]LogWindows: Error: [Callstack] 0x00007ff725a3853a UE4Editor.exe!UnknownFunction []
[2021.11.16-08.40.37:437][  0]LogWindows: Error: [Callstack] 0x00007ffc299f7034 KERNEL32.DLL!UnknownFunction []
[2021.11.16-08.40.37:437][  0]LogWindows: Error: [Callstack] 0x00007ffc2afc2651 ntdll.dll!UnknownFunction []
[2021.11.16-08.40.37:437][  0]LogWindows: Error: 
[2021.11.16-08.40.37:445][  0]LogExit: Executing StaticShutdownAfterError
[2021.11.16-08.40.37:446][  0]LogWindows: FPlatformMisc::RequestExit(1)
[2021.11.16-08.40.37:446][  0]LogWindows: FPlatformMisc::RequestExitWithStatus(1, 3)
[2021.11.16-08.40.37:446][  0]LogCore: Engine exit requested (reason: Win RequestExit; note: exit was already requested)
[2021.11.16-08.40.37:455][  0]Log file closed, 11/16/21 09:40:37
